This is pdfTeX, Version 3.14159265-2.6-1.40.18 (MiKTeX 2.9.6500 64-bit) (preloaded format=pdflatex 2017.12.26)  8 DEC 2018 11:45
entering extended mode
**./dissertacao.tex
(dissertacao.tex
LaTeX2e <2017-04-15>
Babel <3.15> and hyphenation patterns for 75 language(s) loaded.
(abnt_ufjf.cls (cvs-id.def)

LaTeX Warning: You have requested document class `abnt_ufjf',
               but the document class provides `abnt'.

Document Class: abnt 2004/11/02 v1.27.2.1 Classe abnt (NBR6024, NBR6027, NBR602
8, NBR14724)
("C:\Program Files\MiKTeX 2.9\tex\latex\base\ifthen.sty"
Package: ifthen 2014/09/29 v1.1c Standard LaTeX ifthen package (DPC)
)
("C:\Program Files\MiKTeX 2.9\tex\latex\tools\calc.sty"
Package: calc 2014/10/28 v4.3 Infix arithmetic (KKT,FJ)
\calc@Acount=\count79
\calc@Bcount=\count80
\calc@Adimen=\dimen102
\calc@Bdimen=\dimen103
\calc@Askip=\skip41
\calc@Bskip=\skip42
LaTeX Info: Redefining \setlength on input line 80.
LaTeX Info: Redefining \addtolength on input line 81.
\calc@Ccount=\count81
\calc@Cskip=\skip43
)
("C:\Program Files\MiKTeX 2.9\tex\latex\tools\multicol.sty"
Package: multicol 2017/04/11 v1.8q multicolumn formatting (FMi)
\c@tracingmulticols=\count82
\mult@box=\box26
\multicol@leftmargin=\dimen104
\c@unbalance=\count83
\c@collectmore=\count84
\doublecol@number=\count85
\multicoltolerance=\count86
\multicolpretolerance=\count87
\full@width=\dimen105
\page@free=\dimen106
\premulticols=\dimen107
\postmulticols=\dimen108
\multicolsep=\skip44
\multicolbaselineskip=\skip45
\partial@page=\box27
\last@line=\box28
\maxbalancingoverflow=\dimen109
\mult@rightbox=\box29
\mult@grightbox=\box30
\mult@gfirstbox=\box31
\mult@firstbox=\box32
\@tempa=\box33
\@tempa=\box34
\@tempa=\box35
\@tempa=\box36
\@tempa=\box37
\@tempa=\box38
\@tempa=\box39
\@tempa=\box40
\@tempa=\box41
\@tempa=\box42
\@tempa=\box43
\@tempa=\box44
\@tempa=\box45
\@tempa=\box46
\@tempa=\box47
\@tempa=\box48
\@tempa=\box49
\c@columnbadness=\count88
\c@finalcolumnbadness=\count89
\last@try=\dimen110
\multicolovershoot=\dimen111
\multicolundershoot=\dimen112
\mult@nat@firstbox=\box50
\colbreak@box=\box51
\mc@col@check@num=\count90
)
("C:\Program Files\MiKTeX 2.9\tex\latex\base\report.cls"
Document Class: report 2014/09/29 v1.4h Standard LaTeX document class
("C:\Program Files\MiKTeX 2.9\tex\latex\base\size12.clo"
File: size12.clo 2014/09/29 v1.4h Standard LaTeX file (size option)
)
\c@part=\count91
\c@chapter=\count92
\c@section=\count93
\c@subsection=\count94
\c@subsubsection=\count95
\c@paragraph=\count96
\c@subparagraph=\count97
\c@figure=\count98
\c@table=\count99
\abovecaptionskip=\skip46
\belowcaptionskip=\skip47
\bibindent=\dimen113
)
(C:\Users\Rafae\AppData\Roaming\MiKTeX\2.9\tex\latex\setspace\setspace.sty
Package: setspace 2011/12/19 v6.7a set line spacing
)
\ABNTanapindent=\skip48
\ABNTsignwidth=\skip49
\ABNTsignthickness=\skip50
\ABNTsignskip=\skip51

("C:\Program Files\MiKTeX 2.9\tex\latex\tools\indentfirst.sty"
Package: indentfirst 1995/11/23 v1.03 Indent first paragraph (DPC)
))
("C:\Program Files\MiKTeX 2.9\tex\generic\babel\babel.sty"
Package: babel 2017/11/03 3.15 The Babel package

("C:\Program Files\MiKTeX 2.9\tex\generic\babel\switch.def"
File: switch.def 2017/11/03 3.15 Babel switching mechanism
)
*************************************
* Local config file bblopts.cfg used
*
(C:\Users\Rafae\AppData\Roaming\MiKTeX\2.9\tex\latex\arabi\bblopts.cfg
File: bblopts.cfg 2005/09/08 v0.1 add Arabic and Farsi to "declared" options of
 babel
)
(C:\Users\Rafae\AppData\Roaming\MiKTeX\2.9\tex\latex\babel-portuges\portuges.ld
f
Language: portuges 2008/03/18 v1.2q Portuguese support from the babel system
 ("C:\Program Files\MiKTeX 2.9\tex\generic\babel\babel.def"
File: babel.def 2017/11/03 3.15 Babel common definitions

("C:\Program Files\MiKTeX 2.9\tex\generic\babel\switch.def"
File: switch.def 2017/11/03 3.15 Babel switching mechanism
)
\babel@savecnt=\count100
\U@D=\dimen114
)
\l@brazil = a dialect from \language\l@portuges 
Package babel Info: Making " an active character on input line 145.
))
("C:\Program Files\MiKTeX 2.9\tex\latex\base\fontenc.sty"
Package: fontenc 2017/04/05 v2.0i Standard LaTeX package

("C:\Program Files\MiKTeX 2.9\tex\latex\base\t1enc.def"
File: t1enc.def 2017/04/05 v2.0i Standard LaTeX file
LaTeX Font Info:    Redeclaring font encoding T1 on input line 48.
))
("C:\Program Files\MiKTeX 2.9\tex\latex\base\inputenc.sty"
Package: inputenc 2015/03/17 v1.2c Input encoding file
\inpenc@prehook=\toks14
\inpenc@posthook=\toks15

("C:\Program Files\MiKTeX 2.9\tex\latex\base\utf8.def"
File: utf8.def 2017/01/28 v1.1t UTF-8 support for inputenc
Now handling font encoding OML ...
... no UTF-8 mapping file for font encoding OML
Now handling font encoding T1 ...
... processing UTF-8 mapping file for font encoding T1

("C:\Program Files\MiKTeX 2.9\tex\latex\base\t1enc.dfu"
File: t1enc.dfu 2017/01/28 v1.1t UTF-8 support for inputenc
   defining Unicode char U+00A0 (decimal 160)
   defining Unicode char U+00A1 (decimal 161)
   defining Unicode char U+00A3 (decimal 163)
   defining Unicode char U+00AB (decimal 171)
   defining Unicode char U+00AD (decimal 173)
   defining Unicode char U+00BB (decimal 187)
   defining Unicode char U+00BF (decimal 191)
   defining Unicode char U+00C0 (decimal 192)
   defining Unicode char U+00C1 (decimal 193)
   defining Unicode char U+00C2 (decimal 194)
   defining Unicode char U+00C3 (decimal 195)
   defining Unicode char U+00C4 (decimal 196)
   defining Unicode char U+00C5 (decimal 197)
   defining Unicode char U+00C6 (decimal 198)
   defining Unicode char U+00C7 (decimal 199)
   defining Unicode char U+00C8 (decimal 200)
   defining Unicode char U+00C9 (decimal 201)
   defining Unicode char U+00CA (decimal 202)
   defining Unicode char U+00CB (decimal 203)
   defining Unicode char U+00CC (decimal 204)
   defining Unicode char U+00CD (decimal 205)
   defining Unicode char U+00CE (decimal 206)
   defining Unicode char U+00CF (decimal 207)
   defining Unicode char U+00D0 (decimal 208)
   defining Unicode char U+00D1 (decimal 209)
   defining Unicode char U+00D2 (decimal 210)
   defining Unicode char U+00D3 (decimal 211)
   defining Unicode char U+00D4 (decimal 212)
   defining Unicode char U+00D5 (decimal 213)
   defining Unicode char U+00D6 (decimal 214)
   defining Unicode char U+00D8 (decimal 216)
   defining Unicode char U+00D9 (decimal 217)
   defining Unicode char U+00DA (decimal 218)
   defining Unicode char U+00DB (decimal 219)
   defining Unicode char U+00DC (decimal 220)
   defining Unicode char U+00DD (decimal 221)
   defining Unicode char U+00DE (decimal 222)
   defining Unicode char U+00DF (decimal 223)
   defining Unicode char U+00E0 (decimal 224)
   defining Unicode char U+00E1 (decimal 225)
   defining Unicode char U+00E2 (decimal 226)
   defining Unicode char U+00E3 (decimal 227)
   defining Unicode char U+00E4 (decimal 228)
   defining Unicode char U+00E5 (decimal 229)
   defining Unicode char U+00E6 (decimal 230)
   defining Unicode char U+00E7 (decimal 231)
   defining Unicode char U+00E8 (decimal 232)
   defining Unicode char U+00E9 (decimal 233)
   defining Unicode char U+00EA (decimal 234)
   defining Unicode char U+00EB (decimal 235)
   defining Unicode char U+00EC (decimal 236)
   defining Unicode char U+00ED (decimal 237)
   defining Unicode char U+00EE (decimal 238)
   defining Unicode char U+00EF (decimal 239)
   defining Unicode char U+00F0 (decimal 240)
   defining Unicode char U+00F1 (decimal 241)
   defining Unicode char U+00F2 (decimal 242)
   defining Unicode char U+00F3 (decimal 243)
   defining Unicode char U+00F4 (decimal 244)
   defining Unicode char U+00F5 (decimal 245)
   defining Unicode char U+00F6 (decimal 246)
   defining Unicode char U+00F8 (decimal 248)
   defining Unicode char U+00F9 (decimal 249)
   defining Unicode char U+00FA (decimal 250)
   defining Unicode char U+00FB (decimal 251)
   defining Unicode char U+00FC (decimal 252)
   defining Unicode char U+00FD (decimal 253)
   defining Unicode char U+00FE (decimal 254)
   defining Unicode char U+00FF (decimal 255)
   defining Unicode char U+0100 (decimal 256)
   defining Unicode char U+0101 (decimal 257)
   defining Unicode char U+0102 (decimal 258)
   defining Unicode char U+0103 (decimal 259)
   defining Unicode char U+0104 (decimal 260)
   defining Unicode char U+0105 (decimal 261)
   defining Unicode char U+0106 (decimal 262)
   defining Unicode char U+0107 (decimal 263)
   defining Unicode char U+0108 (decimal 264)
   defining Unicode char U+0109 (decimal 265)
   defining Unicode char U+010A (decimal 266)
   defining Unicode char U+010B (decimal 267)
   defining Unicode char U+010C (decimal 268)
   defining Unicode char U+010D (decimal 269)
   defining Unicode char U+010E (decimal 270)
   defining Unicode char U+010F (decimal 271)
   defining Unicode char U+0110 (decimal 272)
   defining Unicode char U+0111 (decimal 273)
   defining Unicode char U+0112 (decimal 274)
   defining Unicode char U+0113 (decimal 275)
   defining Unicode char U+0114 (decimal 276)
   defining Unicode char U+0115 (decimal 277)
   defining Unicode char U+0116 (decimal 278)
   defining Unicode char U+0117 (decimal 279)
   defining Unicode char U+0118 (decimal 280)
   defining Unicode char U+0119 (decimal 281)
   defining Unicode char U+011A (decimal 282)
   defining Unicode char U+011B (decimal 283)
   defining Unicode char U+011C (decimal 284)
   defining Unicode char U+011D (decimal 285)
   defining Unicode char U+011E (decimal 286)
   defining Unicode char U+011F (decimal 287)
   defining Unicode char U+0120 (decimal 288)
   defining Unicode char U+0121 (decimal 289)
   defining Unicode char U+0122 (decimal 290)
   defining Unicode char U+0123 (decimal 291)
   defining Unicode char U+0124 (decimal 292)
   defining Unicode char U+0125 (decimal 293)
   defining Unicode char U+0128 (decimal 296)
   defining Unicode char U+0129 (decimal 297)
   defining Unicode char U+012A (decimal 298)
   defining Unicode char U+012B (decimal 299)
   defining Unicode char U+012C (decimal 300)
   defining Unicode char U+012D (decimal 301)
   defining Unicode char U+012E (decimal 302)
   defining Unicode char U+012F (decimal 303)
   defining Unicode char U+0130 (decimal 304)
   defining Unicode char U+0131 (decimal 305)
   defining Unicode char U+0132 (decimal 306)
   defining Unicode char U+0133 (decimal 307)
   defining Unicode char U+0134 (decimal 308)
   defining Unicode char U+0135 (decimal 309)
   defining Unicode char U+0136 (decimal 310)
   defining Unicode char U+0137 (decimal 311)
   defining Unicode char U+0139 (decimal 313)
   defining Unicode char U+013A (decimal 314)
   defining Unicode char U+013B (decimal 315)
   defining Unicode char U+013C (decimal 316)
   defining Unicode char U+013D (decimal 317)
   defining Unicode char U+013E (decimal 318)
   defining Unicode char U+0141 (decimal 321)
   defining Unicode char U+0142 (decimal 322)
   defining Unicode char U+0143 (decimal 323)
   defining Unicode char U+0144 (decimal 324)
   defining Unicode char U+0145 (decimal 325)
   defining Unicode char U+0146 (decimal 326)
   defining Unicode char U+0147 (decimal 327)
   defining Unicode char U+0148 (decimal 328)
   defining Unicode char U+014A (decimal 330)
   defining Unicode char U+014B (decimal 331)
   defining Unicode char U+014C (decimal 332)
   defining Unicode char U+014D (decimal 333)
   defining Unicode char U+014E (decimal 334)
   defining Unicode char U+014F (decimal 335)
   defining Unicode char U+0150 (decimal 336)
   defining Unicode char U+0151 (decimal 337)
   defining Unicode char U+0152 (decimal 338)
   defining Unicode char U+0153 (decimal 339)
   defining Unicode char U+0154 (decimal 340)
   defining Unicode char U+0155 (decimal 341)
   defining Unicode char U+0156 (decimal 342)
   defining Unicode char U+0157 (decimal 343)
   defining Unicode char U+0158 (decimal 344)
   defining Unicode char U+0159 (decimal 345)
   defining Unicode char U+015A (decimal 346)
   defining Unicode char U+015B (decimal 347)
   defining Unicode char U+015C (decimal 348)
   defining Unicode char U+015D (decimal 349)
   defining Unicode char U+015E (decimal 350)
   defining Unicode char U+015F (decimal 351)
   defining Unicode char U+0160 (decimal 352)
   defining Unicode char U+0161 (decimal 353)
   defining Unicode char U+0162 (decimal 354)
   defining Unicode char U+0163 (decimal 355)
   defining Unicode char U+0164 (decimal 356)
   defining Unicode char U+0165 (decimal 357)
   defining Unicode char U+0168 (decimal 360)
   defining Unicode char U+0169 (decimal 361)
   defining Unicode char U+016A (decimal 362)
   defining Unicode char U+016B (decimal 363)
   defining Unicode char U+016C (decimal 364)
   defining Unicode char U+016D (decimal 365)
   defining Unicode char U+016E (decimal 366)
   defining Unicode char U+016F (decimal 367)
   defining Unicode char U+0170 (decimal 368)
   defining Unicode char U+0171 (decimal 369)
   defining Unicode char U+0172 (decimal 370)
   defining Unicode char U+0173 (decimal 371)
   defining Unicode char U+0174 (decimal 372)
   defining Unicode char U+0175 (decimal 373)
   defining Unicode char U+0176 (decimal 374)
   defining Unicode char U+0177 (decimal 375)
   defining Unicode char U+0178 (decimal 376)
   defining Unicode char U+0179 (decimal 377)
   defining Unicode char U+017A (decimal 378)
   defining Unicode char U+017B (decimal 379)
   defining Unicode char U+017C (decimal 380)
   defining Unicode char U+017D (decimal 381)
   defining Unicode char U+017E (decimal 382)
   defining Unicode char U+01CD (decimal 461)
   defining Unicode char U+01CE (decimal 462)
   defining Unicode char U+01CF (decimal 463)
   defining Unicode char U+01D0 (decimal 464)
   defining Unicode char U+01D1 (decimal 465)
   defining Unicode char U+01D2 (decimal 466)
   defining Unicode char U+01D3 (decimal 467)
   defining Unicode char U+01D4 (decimal 468)
   defining Unicode char U+01E2 (decimal 482)
   defining Unicode char U+01E3 (decimal 483)
   defining Unicode char U+01E6 (decimal 486)
   defining Unicode char U+01E7 (decimal 487)
   defining Unicode char U+01E8 (decimal 488)
   defining Unicode char U+01E9 (decimal 489)
   defining Unicode char U+01EA (decimal 490)
   defining Unicode char U+01EB (decimal 491)
   defining Unicode char U+01F0 (decimal 496)
   defining Unicode char U+01F4 (decimal 500)
   defining Unicode char U+01F5 (decimal 501)
   defining Unicode char U+0218 (decimal 536)
   defining Unicode char U+0219 (decimal 537)
   defining Unicode char U+021A (decimal 538)
   defining Unicode char U+021B (decimal 539)
   defining Unicode char U+0232 (decimal 562)
   defining Unicode char U+0233 (decimal 563)
   defining Unicode char U+1E02 (decimal 7682)
   defining Unicode char U+1E03 (decimal 7683)
   defining Unicode char U+200C (decimal 8204)
   defining Unicode char U+2010 (decimal 8208)
   defining Unicode char U+2011 (decimal 8209)
   defining Unicode char U+2012 (decimal 8210)
   defining Unicode char U+2013 (decimal 8211)
   defining Unicode char U+2014 (decimal 8212)
   defining Unicode char U+2015 (decimal 8213)
   defining Unicode char U+2018 (decimal 8216)
   defining Unicode char U+2019 (decimal 8217)
   defining Unicode char U+201A (decimal 8218)
   defining Unicode char U+201C (decimal 8220)
   defining Unicode char U+201D (decimal 8221)
   defining Unicode char U+201E (decimal 8222)
   defining Unicode char U+2030 (decimal 8240)
   defining Unicode char U+2031 (decimal 8241)
   defining Unicode char U+2039 (decimal 8249)
   defining Unicode char U+203A (decimal 8250)
   defining Unicode char U+2423 (decimal 9251)
   defining Unicode char U+1E20 (decimal 7712)
   defining Unicode char U+1E21 (decimal 7713)
)
Now handling font encoding OT1 ...
... processing UTF-8 mapping file for font encoding OT1

("C:\Program Files\MiKTeX 2.9\tex\latex\base\ot1enc.dfu"
File: ot1enc.dfu 2017/01/28 v1.1t UTF-8 support for inputenc
   defining Unicode char U+00A0 (decimal 160)
   defining Unicode char U+00A1 (decimal 161)
   defining Unicode char U+00A3 (decimal 163)
   defining Unicode char U+00AD (decimal 173)
   defining Unicode char U+00B8 (decimal 184)
   defining Unicode char U+00BF (decimal 191)
   defining Unicode char U+00C5 (decimal 197)
   defining Unicode char U+00C6 (decimal 198)
   defining Unicode char U+00D8 (decimal 216)
   defining Unicode char U+00DF (decimal 223)
   defining Unicode char U+00E6 (decimal 230)
   defining Unicode char U+00EC (decimal 236)
   defining Unicode char U+00ED (decimal 237)
   defining Unicode char U+00EE (decimal 238)
   defining Unicode char U+00EF (decimal 239)
   defining Unicode char U+00F8 (decimal 248)
   defining Unicode char U+0131 (decimal 305)
   defining Unicode char U+0141 (decimal 321)
   defining Unicode char U+0142 (decimal 322)
   defining Unicode char U+0152 (decimal 338)
   defining Unicode char U+0153 (decimal 339)
   defining Unicode char U+0174 (decimal 372)
   defining Unicode char U+0175 (decimal 373)
   defining Unicode char U+0176 (decimal 374)
   defining Unicode char U+0177 (decimal 375)
   defining Unicode char U+0218 (decimal 536)
   defining Unicode char U+0219 (decimal 537)
   defining Unicode char U+021A (decimal 538)
   defining Unicode char U+021B (decimal 539)
   defining Unicode char U+2013 (decimal 8211)
   defining Unicode char U+2014 (decimal 8212)
   defining Unicode char U+2018 (decimal 8216)
   defining Unicode char U+2019 (decimal 8217)
   defining Unicode char U+201C (decimal 8220)
   defining Unicode char U+201D (decimal 8221)
)
Now handling font encoding OMS ...
... processing UTF-8 mapping file for font encoding OMS

("C:\Program Files\MiKTeX 2.9\tex\latex\base\omsenc.dfu"
File: omsenc.dfu 2017/01/28 v1.1t UTF-8 support for inputenc
   defining Unicode char U+00A7 (decimal 167)
   defining Unicode char U+00B6 (decimal 182)
   defining Unicode char U+00B7 (decimal 183)
   defining Unicode char U+2020 (decimal 8224)
   defining Unicode char U+2021 (decimal 8225)
   defining Unicode char U+2022 (decimal 8226)
)
Now handling font encoding OMX ...
... no UTF-8 mapping file for font encoding OMX
Now handling font encoding U ...
... no UTF-8 mapping file for font encoding U
   defining Unicode char U+00A9 (decimal 169)
   defining Unicode char U+00AA (decimal 170)
   defining Unicode char U+00AE (decimal 174)
   defining Unicode char U+00BA (decimal 186)
   defining Unicode char U+02C6 (decimal 710)
   defining Unicode char U+02DC (decimal 732)
   defining Unicode char U+200C (decimal 8204)
   defining Unicode char U+2026 (decimal 8230)
   defining Unicode char U+2122 (decimal 8482)
   defining Unicode char U+2423 (decimal 9251)
))
("C:\Program Files\MiKTeX 2.9\tex\latex\psnfss\times.sty"
Package: times 2005/04/12 PSNFSS-v9.2a (SPQR) 
)
("C:\Program Files\MiKTeX 2.9\tex\latex\ae\ae.sty"
Package: ae 2001/02/12 1.3 Almost European Computer Modern

("C:\Program Files\MiKTeX 2.9\tex\latex\base\fontenc.sty"
Package: fontenc 2017/04/05 v2.0i Standard LaTeX package

("C:\Program Files\MiKTeX 2.9\tex\latex\base\t1enc.def"
File: t1enc.def 2017/04/05 v2.0i Standard LaTeX file
LaTeX Font Info:    Redeclaring font encoding T1 on input line 48.
)
LaTeX Font Info:    Try loading font information for T1+aer on input line 105.

("C:\Program Files\MiKTeX 2.9\tex\latex\ae\t1aer.fd"
File: t1aer.fd 1997/11/16 Font definitions for T1/aer.
)))
("C:\Program Files\MiKTeX 2.9\tex\latex\graphics\graphicx.sty"
Package: graphicx 2017/06/01 v1.1a Enhanced LaTeX Graphics (DPC,SPQR)

("C:\Program Files\MiKTeX 2.9\tex\latex\graphics\keyval.sty"
Package: keyval 2014/10/28 v1.15 key=value parser (DPC)
\KV@toks@=\toks16
)
("C:\Program Files\MiKTeX 2.9\tex\latex\graphics\graphics.sty"
Package: graphics 2017/06/25 v1.2c Standard LaTeX Graphics (DPC,SPQR)

("C:\Program Files\MiKTeX 2.9\tex\latex\graphics\trig.sty"
Package: trig 2016/01/03 v1.10 sin cos tan (DPC)
)
("C:\Program Files\MiKTeX 2.9\tex\latex\graphics-cfg\graphics.cfg"
File: graphics.cfg 2016/06/04 v1.11 sample graphics configuration
)
Package graphics Info: Driver file: dvips.def on input line 99.

("C:\Program Files\MiKTeX 2.9\tex\latex\graphics-def\dvips.def"
File: dvips.def 2017/06/20 v3.1d Graphics/color driver for dvips
))
\Gin@req@height=\dimen115
\Gin@req@width=\dimen116
)
(C:\Users\Rafae\AppData\Roaming\MiKTeX\2.9\tex\latex\caption\subcaption.sty
Package: subcaption 2016/05/22 v1.1-161 Sub-captions (AR)

(C:\Users\Rafae\AppData\Roaming\MiKTeX\2.9\tex\latex\caption\caption.sty
Package: caption 2016/02/21 v3.3-144 Customizing captions (AR)

(C:\Users\Rafae\AppData\Roaming\MiKTeX\2.9\tex\latex\caption\caption3.sty
Package: caption3 2016/05/22 v1.7-166 caption3 kernel (AR)
Package caption3 Info: TeX engine: e-TeX on input line 67.
\captionmargin=\dimen117
\captionmargin@=\dimen118
\captionwidth=\dimen119
\caption@tempdima=\dimen120
\caption@indent=\dimen121
\caption@parindent=\dimen122
\caption@hangindent=\dimen123
)
\c@ContinuedFloat=\count101
)
\c@subfigure=\count102
\c@subtable=\count103
)
("C:\Program Files\MiKTeX 2.9\tex\latex\graphics\color.sty"
Package: color 2016/07/10 v1.1e Standard LaTeX Color (DPC)

("C:\Program Files\MiKTeX 2.9\tex\latex\graphics-cfg\color.cfg"
File: color.cfg 2016/01/02 v1.6 sample color configuration
)
Package color Info: Driver file: pdftex.def on input line 147.

("C:\Program Files\MiKTeX 2.9\tex\latex\graphics-def\pdftex.def"
File: pdftex.def 2017/06/24 v1.0g Graphics/color driver for pdftex
))
("C:\Program Files\MiKTeX 2.9\tex\latex\float\float.sty"
Package: float 2001/11/08 v1.3d Float enhancements (AL)
\c@float@type=\count104
\float@exts=\toks17
\float@box=\box52
\@float@everytoks=\toks18
\@floatcapt=\box53
)
(C:\Users\Rafae\AppData\Roaming\MiKTeX\2.9\tex\latex\psfrag\psfrag.sty
Package: psfrag 1998/04/11 v3.04 PSfrag (MCG)
\pfg@pcount=\count105
\pfg@scount=\count106
\pfg@temp=\write3
)
("C:\Program Files\MiKTeX 2.9\tex\latex\amsmath\amsmath.sty"
Package: amsmath 2017/09/02 v2.17a AMS math features
\@mathmargin=\skip52

For additional information on amsmath, use the `?' option.
("C:\Program Files\MiKTeX 2.9\tex\latex\amsmath\amstext.sty"
Package: amstext 2000/06/29 v2.01 AMS text

("C:\Program Files\MiKTeX 2.9\tex\latex\amsmath\amsgen.sty"
File: amsgen.sty 1999/11/30 v2.0 generic functions
\@emptytoks=\toks19
\ex@=\dimen124
))
("C:\Program Files\MiKTeX 2.9\tex\latex\amsmath\amsbsy.sty"
Package: amsbsy 1999/11/29 v1.2d Bold Symbols
\pmbraise@=\dimen125
)
("C:\Program Files\MiKTeX 2.9\tex\latex\amsmath\amsopn.sty"
Package: amsopn 2016/03/08 v2.02 operator names
)
\inf@bad=\count107
LaTeX Info: Redefining \frac on input line 213.
\uproot@=\count108
\leftroot@=\count109
LaTeX Info: Redefining \overline on input line 375.
\classnum@=\count110
\DOTSCASE@=\count111
LaTeX Info: Redefining \ldots on input line 472.
LaTeX Info: Redefining \dots on input line 475.
LaTeX Info: Redefining \cdots on input line 596.
\Mathstrutbox@=\box54
\strutbox@=\box55
\big@size=\dimen126
LaTeX Font Info:    Redeclaring font encoding OML on input line 712.
LaTeX Font Info:    Redeclaring font encoding OMS on input line 713.
\macc@depth=\count112
\c@MaxMatrixCols=\count113
\dotsspace@=\muskip10
\c@parentequation=\count114
\dspbrk@lvl=\count115
\tag@help=\toks20
\row@=\count116
\column@=\count117
\maxfields@=\count118
\andhelp@=\toks21
\eqnshift@=\dimen127
\alignsep@=\dimen128
\tagshift@=\dimen129
\tagwidth@=\dimen130
\totwidth@=\dimen131
\lineht@=\dimen132
\@envbody=\toks22
\multlinegap=\skip53
\multlinetaggap=\skip54
\mathdisplay@stack=\toks23
LaTeX Info: Redefining \[ on input line 2817.
LaTeX Info: Redefining \] on input line 2818.
)
("C:\Program Files\MiKTeX 2.9\tex\latex\amsfonts\amsfonts.sty"
Package: amsfonts 2013/01/14 v3.01 Basic AMSFonts support
\symAMSa=\mathgroup4
\symAMSb=\mathgroup5
LaTeX Font Info:    Overwriting math alphabet `\mathfrak' in version `bold'
(Font)                  U/euf/m/n --> U/euf/b/n on input line 106.
)
("C:\Program Files\MiKTeX 2.9\tex\latex\amsfonts\amssymb.sty"
Package: amssymb 2013/01/14 v3.01 AMS font symbols
)
("C:\Program Files\MiKTeX 2.9\tex\latex\jknappen\mathrsfs.sty"
Package: mathrsfs 1996/01/01 Math RSFS package v1.0 (jk)
\symrsfs=\mathgroup6
)
("C:\Program Files\MiKTeX 2.9\tex\latex\tools\bm.sty"
Package: bm 2017/01/16 v1.2c Bold Symbol Support (DPC/FMi)
\symboldoperators=\mathgroup7
\symboldletters=\mathgroup8
\symboldsymbols=\mathgroup9
LaTeX Font Info:    Redeclaring math alphabet \mathbf on input line 141.
LaTeX Info: Redefining \bm on input line 207.
)
(C:\Users\Rafae\AppData\Roaming\MiKTeX\2.9\tex\latex\acronym\acronym.sty
Package: acronym 2015/03/21 v1.41 Support for acronyms (Tobias Oetiker)

(C:\Users\Rafae\AppData\Roaming\MiKTeX\2.9\tex\latex\bigfoot\suffix.sty
Package: suffix 2006/07/15 1.5a Variant command support
)
(C:\Users\Rafae\AppData\Roaming\MiKTeX\2.9\tex\latex\xstring\xstring.sty
(C:\Users\Rafae\AppData\Roaming\MiKTeX\2.9\tex\generic\xstring\xstring.tex
\@xs@message=\write4
\integerpart=\count119
\decimalpart=\count120
)
Package: xstring 2013/10/13  v1.7c  String manipulations (C Tellechea)
)
\AC@clearlist=\toks24
)
("C:\Program Files\MiKTeX 2.9\tex\latex\geometry\geometry.sty"
Package: geometry 2010/09/12 v5.6 Page Geometry

("C:\Program Files\MiKTeX 2.9\tex\generic\oberdiek\ifpdf.sty"
Package: ifpdf 2017/03/15 v3.2 Provides the ifpdf switch
)
("C:\Program Files\MiKTeX 2.9\tex\generic\oberdiek\ifvtex.sty"
Package: ifvtex 2016/05/16 v1.6 Detect VTeX and its facilities (HO)
Package ifvtex Info: VTeX not detected.
)
("C:\Program Files\MiKTeX 2.9\tex\generic\ifxetex\ifxetex.sty"
Package: ifxetex 2010/09/12 v0.6 Provides ifxetex conditional
)
\Gm@cnth=\count121
\Gm@cntv=\count122
\c@Gm@tempcnt=\count123
\Gm@bindingoffset=\dimen133
\Gm@wd@mp=\dimen134
\Gm@odd@mp=\dimen135
\Gm@even@mp=\dimen136
\Gm@layoutwidth=\dimen137
\Gm@layoutheight=\dimen138
\Gm@layouthoffset=\dimen139
\Gm@layoutvoffset=\dimen140
\Gm@dimlist=\toks25

("C:\Program Files\MiKTeX 2.9\tex\latex\geometry\geometry.cfg"))
("C:\Program Files\MiKTeX 2.9\tex\latex\tools\enumerate.sty"
Package: enumerate 2015/07/23 v3.00 enumerate extensions (DPC)
\@enLab=\toks26
)
(C:\Users\Rafae\AppData\Roaming\MiKTeX\2.9\tex\latex\url\url.sty
\Urlmuskip=\muskip11
Package: url 2013/09/16  ver 3.4  Verb mode for urls, etc.
)
("C:\Program Files\MiKTeX 2.9\tex\latex\psnfss\pifont.sty"
Package: pifont 2005/04/12 PSNFSS-v9.2a Pi font support (SPQR) 
LaTeX Font Info:    Try loading font information for U+pzd on input line 63.

("C:\Program Files\MiKTeX 2.9\tex\latex\psnfss\upzd.fd"
File: upzd.fd 2001/06/04 font definitions for U/pzd.
)
LaTeX Font Info:    Try loading font information for U+psy on input line 64.

("C:\Program Files\MiKTeX 2.9\tex\latex\psnfss\upsy.fd"
File: upsy.fd 2001/06/04 font definitions for U/psy.
))
("C:\Program Files\MiKTeX 2.9\tex\latex\multirow\multirow.sty"
Package: multirow 2016/11/25 v2.2 Span multiple rows of a table
\multirow@colwidth=\skip55
\multirow@cntb=\count124
\multirow@dima=\skip56
\bigstrutjot=\dimen141
) (abntcite.sty
Package: abntcite 2002/11/20
\minimumbiblabelwidth=\skip57
\ABCIauxlen=\skip58
\c@ABCIaux=\count125
\c@ABCImax=\count126

("C:\Program Files\MiKTeX 2.9\tex\latex\ltxmisc\relsize.sty"
Package: relsize 2003/07/04 ver 3.1
)
\biblabelsep=\skip59
LaTeX Info: Redefining \cite on input line 429.
\ABCItoken=\toks27
)

LaTeX Warning: Unused global option(s):
    [pagestart=firstchapter,tocpage=plain].

(dissertacao.aux (pretextuais/capa.aux) (pretextuais/folha_de_rosto.aux)
(pretextuais/ficha_catalografica.aux) (pretextuais/folha_de_aprovacao.aux)
(pretextuais/dedicatoria.aux) (pretextuais/agradecimentos.aux)
(pretextuais/epigrafe.aux) (pretextuais/resumo.aux) (pretextuais/abstract.aux)
(pretextuais/acronimos.aux) (textuais/introducao/introducao.aux)
(textuais/discretizacao/discretizacao.aux)
(textuais/desenvolvimento/desenvolvimento.aux

LaTeX Warning: Label `equ:Normal' multiply defined.

) (textuais/resultados/resultados.aux

LaTeX Warning: Label `fig:error_norm_near_50' multiply defined.


LaTeX Warning: Label `sub@fig:error_norm_near_50' multiply defined.


LaTeX Warning: Label `fig:error_norm_lin_50' multiply defined.


LaTeX Warning: Label `sub@fig:error_norm_lin_50' multiply defined.


LaTeX Warning: Label `fig:Error_out' multiply defined.

) (textuais/conclusao/conclusao.aux) (postextuais/apendice/apendicePubli.aux)
(postextuais/apendice/apendiceDisc.aux))
\openout1 = `dissertacao.aux'.

LaTeX Font Info:    Checking defaults for OML/cmm/m/it on input line 94.
LaTeX Font Info:    ... okay on input line 94.
LaTeX Font Info:    Checking defaults for T1/cmr/m/n on input line 94.
LaTeX Font Info:    ... okay on input line 94.
LaTeX Font Info:    Checking defaults for OT1/cmr/m/n on input line 94.
LaTeX Font Info:    ... okay on input line 94.
LaTeX Font Info:    Checking defaults for OMS/cmsy/m/n on input line 94.
LaTeX Font Info:    ... okay on input line 94.
LaTeX Font Info:    Checking defaults for OMX/cmex/m/n on input line 94.
LaTeX Font Info:    ... okay on input line 94.
LaTeX Font Info:    Checking defaults for U/cmr/m/n on input line 94.
LaTeX Font Info:    ... okay on input line 94.
Package caption Info: Begin \AtBeginDocument code.
Package caption Info: float package is loaded.
Package caption Info: End \AtBeginDocument code.

(C:\Users\Rafae\AppData\Roaming\MiKTeX\2.9\tex\context\base\supp-pdf.mkii
[Loading MPS to PDF converter (version 2006.09.02).]
\scratchcounter=\count127
\scratchdimen=\dimen142
\scratchbox=\box56
\nofMPsegments=\count128
\nofMParguments=\count129
\everyMPshowfont=\toks28
\MPscratchCnt=\count130
\MPscratchDim=\dimen143
\MPnumerator=\count131
\makeMPintoPDFobject=\count132
\everyMPtoPDFconversion=\toks29
) ("C:\Program Files\MiKTeX 2.9\tex\latex\oberdiek\epstopdf-base.sty"
Package: epstopdf-base 2016/05/15 v2.6 Base part for package epstopdf

("C:\Program Files\MiKTeX 2.9\tex\generic\oberdiek\infwarerr.sty"
Package: infwarerr 2016/05/16 v1.4 Providing info/warning/error messages (HO)
)
("C:\Program Files\MiKTeX 2.9\tex\latex\oberdiek\grfext.sty"
Package: grfext 2016/05/16 v1.2 Manage graphics extensions (HO)

("C:\Program Files\MiKTeX 2.9\tex\generic\oberdiek\kvdefinekeys.sty"
Package: kvdefinekeys 2016/05/16 v1.4 Define keys (HO)

("C:\Program Files\MiKTeX 2.9\tex\generic\oberdiek\ltxcmds.sty"
Package: ltxcmds 2016/05/16 v1.23 LaTeX kernel commands for general use (HO)
)))
("C:\Program Files\MiKTeX 2.9\tex\latex\oberdiek\kvoptions.sty"
Package: kvoptions 2016/05/16 v3.12 Key value format for package options (HO)

("C:\Program Files\MiKTeX 2.9\tex\generic\oberdiek\kvsetkeys.sty"
Package: kvsetkeys 2016/05/16 v1.17 Key value parser (HO)

("C:\Program Files\MiKTeX 2.9\tex\generic\oberdiek\etexcmds.sty"
Package: etexcmds 2016/05/16 v1.6 Avoid name clashes with e-TeX commands (HO)

("C:\Program Files\MiKTeX 2.9\tex\generic\oberdiek\ifluatex.sty"
Package: ifluatex 2016/05/16 v1.4 Provides the ifluatex switch (HO)
Package ifluatex Info: LuaTeX not detected.
)
Package etexcmds Info: Could not find \expanded.
(etexcmds)             That can mean that you are not using pdfTeX 1.50 or
(etexcmds)             that some package has redefined \expanded.
(etexcmds)             In the latter case, load this package earlier.
)))
("C:\Program Files\MiKTeX 2.9\tex\generic\oberdiek\pdftexcmds.sty"
Package: pdftexcmds 2017/03/19 v0.25 Utility functions of pdfTeX for LuaTeX (HO
)
Package pdftexcmds Info: LuaTeX not detected.
Package pdftexcmds Info: \pdf@primitive is available.
Package pdftexcmds Info: \pdf@ifprimitive is available.
Package pdftexcmds Info: \pdfdraftmode found.
)
Package epstopdf-base Info: Redefining graphics rule for `.eps' on input line 4
38.
Package grfext Info: Graphics extension search list:
(grfext)             [.pdf,.png,.jpg,.mps,.jpeg,.jbig2,.jb2,.PDF,.PNG,.JPG,.JPE
G,.JBIG2,.JB2,.eps]
(grfext)             \AppendGraphicsExtensions on input line 456.
)
*geometry* driver: auto-detecting
*geometry* detected driver: pdftex
*geometry* verbose mode - [ preamble ] result:
* driver: pdftex
* paper: a4paper
* layout: <same size as paper>
* layoutoffset:(h,v)=(0.0pt,0.0pt)
* modes: 
* h-part:(L,W,R)=(85.35826pt, 455.24411pt, 56.9055pt)
* v-part:(T,H,B)=(85.35826pt, 702.78308pt, 56.9055pt)
* \paperwidth=597.50787pt
* \paperheight=845.04684pt
* \textwidth=455.24411pt
* \textheight=702.78308pt
* \oddsidemargin=13.08827pt
* \evensidemargin=13.08827pt
* \topmargin=-21.05495pt
* \headheight=12.0pt
* \headsep=22.14322pt
* \topskip=12.0pt
* \footskip=30.0pt
* \marginparwidth=35.0pt
* \marginparsep=10.0pt
* \columnsep=10.0pt
* \skip\footins=10.8pt plus 4.0pt minus 2.0pt
* \hoffset=0.0pt
* \voffset=0.0pt
* \mag=1000
* \@twocolumnfalse
* \@twosidefalse
* \@mparswitchfalse
* \@reversemarginfalse
* (1in=72.27pt=25.4mm, 1cm=28.453pt)

\openout2 = `./pretextuais/capa.aux'.

(pretextuais/capa.tex

pdfTeX warning: pdflatex.exe (file ./logos/ufjf_logo.pdf): PDF inclusion: found
 PDF version <1.6>, but at most version <1.5> allowed
<./logos/ufjf_logo.pdf, id=1, pagebox=cropbox, 98.87842pt x 71.44191pt>
File: ./logos/ufjf_logo.pdf Graphic file (type pdf)
<use ./logos/ufjf_logo.pdf>
Package pdftex.def Info: ./logos/ufjf_logo.pdf  used on input line 4. on input 
line 4.
Package pdftex.def Info: Requested size: 85.35826pt x 61.67429pt on input line 
4.
[1
Non-PDF special ignored!
Non-PDF special ignored!


{C:/Users/Rafae/AppData/Local/MiKTeX/2.9/pdftex/config/pdftex.map} <./logos/ufj
f_logo.pdf>])
\openout2 = `./pretextuais/folha_de_rosto.aux'.

 (pretextuais/folha_de_rosto.tex
LaTeX Font Info:    Try loading font information for U+msa on input line 14.

("C:\Program Files\MiKTeX 2.9\tex\latex\amsfonts\umsa.fd"
File: umsa.fd 2013/01/14 v3.01 AMS symbols A
)
LaTeX Font Info:    Try loading font information for U+msb on input line 14.

("C:\Program Files\MiKTeX 2.9\tex\latex\amsfonts\umsb.fd"
File: umsb.fd 2013/01/14 v3.01 AMS symbols B
)
LaTeX Font Info:    Try loading font information for U+rsfs on input line 14.

("C:\Program Files\MiKTeX 2.9\tex\latex\jknappen\ursfs.fd"
File: ursfs.fd 1998/03/24 rsfs font definition file (jk)
) [2


])
\openout2 = `./pretextuais/ficha_catalografica.aux'.


(pretextuais/ficha_catalografica.tex [3


])
\openout2 = `./pretextuais/folha_de_aprovacao.aux'.

 (pretextuais/folha_de_aprovacao.tex
Underfull \hbox (badness 10000) in paragraph at lines 23--24

 []

[4


])
\openout2 = `./pretextuais/dedicatoria.aux'.

 (pretextuais/dedicatoria.tex [5


])
\openout2 = `./pretextuais/agradecimentos.aux'.

 (pretextuais/agradecimentos.tex)
[6




]
\openout2 = `./pretextuais/epigrafe.aux'.

 (pretextuais/epigrafe.tex
Underfull \hbox (badness 10000) in paragraph at lines 13--14

 []

[7


])
\openout2 = `./pretextuais/resumo.aux'.

 (pretextuais/resumo.tex
Underfull \hbox (badness 10000) in paragraph at lines 14--15

 []

[8



])
\openout2 = `./pretextuais/abstract.aux'.

 (pretextuais/abstract.tex
Underfull \hbox (badness 10000) in paragraph at lines 14--15

 []

[9



]) (dissertacao.lof [10


]
Package acronym Info: Label `acro:CDFm' newly defined as it shall be overridden

although it is yet undefined on input line 17.
 [11]
Package acronym Info: Label `acro:PDFm' newly defined as it shall be overridden

although it is yet undefined on input line 19.
Package acronym Info: Label `acro:iPDF1' newly defined as it shall be overridde
n
although it is yet undefined on input line 21.
Package acronym Info: Label `acro:iPDF2' newly defined as it shall be overridde
n
although it is yet undefined on input line 23.
 [12]
Package acronym Info: Label `acro:RoI' newly defined as it shall be overridden
although it is yet undefined on input line 26.

Overfull \hbox (24.337pt too wide) in paragraph at lines 29--29
 \T1/aer/m/n/12 variando-se o nú-me-ros de pon-tos a se es-ti-mar: (a) randN(0,
1) e (b) randL(0,1)  []  
 []

[13])
\tf@lof=\write5
\openout5 = `dissertacao.lof'.

 [14] (dissertacao.lot)
\tf@lot=\write6
\openout6 = `dissertacao.lot'.

 [15

]
\openout2 = `./pretextuais/acronimos.aux'.

 (pretextuais/acronimos.tex) [16


]
(dissertacao.toc [17


])
\tf@toc=\write7
\openout7 = `dissertacao.toc'.

 [18]
\openout2 = `./textuais/introducao/introducao.aux'.

 (textuais/introducao/introducao.tex
Cap\'{\i }tulo 1.
Package acronym Info: Label `acro:PDF' newly defined as it shall be overridden
although it is yet undefined on input line 5.
Package acronym Info: Label `acro:LHC' newly defined as it shall be overridden
although it is yet undefined on input line 5.
Package acronym Info: Label `acro:CERN' newly defined as it shall be overridden

although it is yet undefined on input line 5.
[19



]
Package acronym Info: Label `acro:CMS' newly defined as it shall be overridden
although it is yet undefined on input line 22.
Package acronym Info: Label `acro:ATLAS' newly defined as it shall be overridde
n
although it is yet undefined on input line 22.
Package acronym Info: Label `acro:MVA' newly defined as it shall be overridden
although it is yet undefined on input line 24.
 [20]) [21]
\openout2 = `./textuais/discretizacao/discretizacao.aux'.

 (textuais/discretizacao/discretizacao.tex
Cap\'{\i }tulo 2.
Package acronym Info: Label `acro:KDE' newly defined as it shall be overridden
although it is yet undefined on input line 3.
[22



]
<figuras/linspace2.pdf, id=87, pagebox=cropbox, 778.3479pt x 512.39432pt>
File: figuras/linspace2.pdf Graphic file (type pdf)
<use figuras/linspace2.pdf>
Package pdftex.def Info: figuras/linspace2.pdf  used on input line 14. on input
 line 14.
Package pdftex.def Info: Requested size: 273.14923pt x 179.8098pt on input line
 14.
LaTeX Font Info:    Try loading font information for OMS+aer on input line 23.
 ("C:\Program Files\MiKTeX 2.9\tex\latex\ae\omsaer.fd"
File: omsaer.fd 1999/12/27
)
LaTeX Font Info:    Font shape `OMS/aer/m/n' in size <12> not available
(Font)              Font shape `OMS/cmsy/m/n' tried instead on input line 23.
<./figuras/Normal.png, id=88, 859.2903pt x 570.933pt>
File: ./figuras/Normal.png Graphic file (type png)
<use ./figuras/Normal.png>
Package pdftex.def Info: ./figuras/Normal.png  used on input line 40. on input 
line 40.
Package pdftex.def Info: Requested size: 273.14923pt x 181.48264pt on input lin
e 40.
 [23 <./figuras/linspace2.pdf>]
<./figuras/normal_1.png, id=104, 859.2903pt x 570.933pt>
File: ./figuras/normal_1.png Graphic file (type png)
<use ./figuras/normal_1.png>
Package pdftex.def Info: ./figuras/normal_1.png  used on input line 51. on inpu
t line 51.
Package pdftex.def Info: Requested size: 318.66948pt x 211.72975pt on input lin
e 51.
Package acronym Info: Label `acro:CDF' newly defined as it shall be overridden
although it is yet undefined on input line 58.
 [24 <./figuras/Normal.png> <./figuras/normal_1.png>]
<./figuras/CDFm_normal_1.png, id=111, 859.2903pt x 570.933pt>
File: ./figuras/CDFm_normal_1.png Graphic file (type png)
<use ./figuras/CDFm_normal_1.png>
Package pdftex.def Info: ./figuras/CDFm_normal_1.png  used on input line 80. on
 input line 80.
Package pdftex.def Info: Requested size: 273.14923pt x 181.48264pt on input lin
e 80.
 [25 <./figuras/CDFm_normal_1.png>]
<./figuras/PDFm_normal_1.png, id=118, 859.2903pt x 570.933pt>
File: ./figuras/PDFm_normal_1.png Graphic file (type png)
<use ./figuras/PDFm_normal_1.png>
Package pdftex.def Info: ./figuras/PDFm_normal_1.png  used on input line 92. on
 input line 92.
Package pdftex.def Info: Requested size: 305.01271pt x 202.65213pt on input lin
e 92.
<./figuras/dpdf1.pdf, id=119, pagebox=cropbox, 774.73442pt x 513.11702pt>
File: ./figuras/dpdf1.pdf Graphic file (type pdf)
<use ./figuras/dpdf1.pdf>
Package pdftex.def Info: ./figuras/dpdf1.pdf  used on input line 107. on input 
line 107.
Package pdftex.def Info: Requested size: 200.30852pt x 132.66347pt on input lin
e 107.
<./figuras/dpdf2.pdf, id=120, pagebox=cropbox, 833.9958pt x 512.39432pt>
File: ./figuras/dpdf2.pdf Graphic file (type pdf)
<use ./figuras/dpdf2.pdf>
Package pdftex.def Info: ./figuras/dpdf2.pdf  used on input line 114. on input 
line 114.
Package pdftex.def Info: Requested size: 213.96529pt x 131.4524pt on input line
 114.
 [26 <./figuras/PDFm_normal_1.png> <./figuras/dpdf1.pdf> <./figuras/dpdf2.pdf

pdfTeX warning: pdflatex.exe (file ./figuras/dpdf2.pdf): PDF inclusion: multipl
e pdfs with page group included in a single page
>]
<./figuras/ddpdf1.pdf, id=152, pagebox=cropbox, 755.22153pt x 509.50351pt>
File: ./figuras/ddpdf1.pdf Graphic file (type pdf)
<use ./figuras/ddpdf1.pdf>
Package pdftex.def Info: ./figuras/ddpdf1.pdf  used on input line 149. on input
 line 149.
Package pdftex.def Info: Requested size: 200.30852pt x 135.1344pt on input line
 149.
<./figuras/ddpdf2.pdf, id=153, pagebox=cropbox, 834.71848pt x 505.89pt>
File: ./figuras/ddpdf2.pdf Graphic file (type pdf)
<use ./figuras/ddpdf2.pdf>
Package pdftex.def Info: ./figuras/ddpdf2.pdf  used on input line 158. on input
 line 158.
Package pdftex.def Info: Requested size: 213.96529pt x 129.67567pt on input lin
e 158.
 [27 <./figuras/ddpdf1.pdf> <./figuras/ddpdf2.pdf

pdfTeX warning: pdflatex.exe (file ./figuras/ddpdf2.pdf): PDF inclusion: multip
le pdfs with page group included in a single page
>]) [28]
\openout2 = `./textuais/desenvolvimento/desenvolvimento.aux'.

 (textuais/desenvolvimento/desenvolvimento.tex
Cap\'{\i }tulo 3.
<./figuras/variaveisCMS.png, id=179, 506.6428pt x 494.59781pt>
File: ./figuras/variaveisCMS.png Graphic file (type png)
<use ./figuras/variaveisCMS.png>
Package pdftex.def Info: ./figuras/variaveisCMS.png  used on input line 14. on 
input line 14.
Package pdftex.def Info: Requested size: 364.19667pt x 355.54411pt on input lin
e 14.
[29



]
<./figuras/variaveisATLAS.pdf, id=183, pagebox=cropbox, 435.32718pt x 312.9803p
t>
File: ./figuras/variaveisATLAS.pdf Graphic file (type pdf)
<use ./figuras/variaveisATLAS.pdf>
Package pdftex.def Info: ./figuras/variaveisATLAS.pdf  used on input line 23. o
n input line 23.
Package pdftex.def Info: Requested size: 364.19667pt x 261.84622pt on input lin
e 23.
 [30 <./figuras/variaveisCMS.png>]
Package acronym Info: Label `acro:FD' newly defined as it shall be overridden
although it is yet undefined on input line 28.

Overfull \hbox (51.2797pt too wide) in paragraph at lines 36--37
[]\T1/aer/m/n/12 Já a dis-tri-bui-ção \T1/aer/m/it/12 Log-nor-mal \T1/aer/m/n/1
2 com mé-dia $\OML/cmm/m/it/12  \OT1/cmr/m/n/12 = 0$ \T1/aer/m/n/12 e des-vio 
pa-drão $\OML/cmm/m/it/12 $ \T1/aer/m/n/12 com va-lo-res $\OT1/cmr/m/n/12 0\OM
L/cmm/m/it/12 :\OT1/cmr/m/n/12 01\OML/cmm/m/it/12 ; \OT1/cmr/m/n/12 0\OML/cmm/m
/it/12 :\OT1/cmr/m/n/12 25\OML/cmm/m/it/12 ; \OT1/cmr/m/n/12 0\OML/cmm/m/it/12 
:\OT1/cmr/m/n/12 5\OML/cmm/m/it/12 ; \OT1/cmr/m/n/12 1\OML/cmm/m/it/12 ; \OT1/c
mr/m/n/12 1\OML/cmm/m/it/12 :\OT1/cmr/m/n/12 25$
 []

<./figuras/log_sigma_001.png, id=188, 570.933pt x 714.7503pt>
File: ./figuras/log_sigma_001.png Graphic file (type png)
<use ./figuras/log_sigma_001.png>
Package pdftex.def Info: ./figuras/log_sigma_001.png  used on input line 66. on
 input line 66.
Package pdftex.def Info: Requested size: 136.57462pt x 170.97646pt on input lin
e 66.
<./figuras/log_sigma_025.png, id=189, 570.933pt x 714.7503pt>
File: ./figuras/log_sigma_025.png Graphic file (type png)
<use ./figuras/log_sigma_025.png>
Package pdftex.def Info: ./figuras/log_sigma_025.png  used on input line 73. on
 input line 73.
Package pdftex.def Info: Requested size: 136.57462pt x 170.97646pt on input lin
e 73.
<./figuras/log_sigma_05.png, id=190, 570.933pt x 714.7503pt>
File: ./figuras/log_sigma_05.png Graphic file (type png)
<use ./figuras/log_sigma_05.png>
Package pdftex.def Info: ./figuras/log_sigma_05.png  used on input line 80. on 
input line 80.
Package pdftex.def Info: Requested size: 136.57462pt x 170.97646pt on input lin
e 80.
<./figuras/log_sigma_1.png, id=191, 570.933pt x 714.7503pt>
File: ./figuras/log_sigma_1.png Graphic file (type png)
<use ./figuras/log_sigma_1.png>
Package pdftex.def Info: ./figuras/log_sigma_1.png  used on input line 87. on i
nput line 87.
Package pdftex.def Info: Requested size: 136.57462pt x 170.97646pt on input lin
e 87.
<./figuras/log_sigma_125.png, id=192, 570.933pt x 714.7503pt>
File: ./figuras/log_sigma_125.png Graphic file (type png)
<use ./figuras/log_sigma_125.png>
Package pdftex.def Info: ./figuras/log_sigma_125.png  used on input line 94. on
 input line 94.
Package pdftex.def Info: Requested size: 136.57462pt x 170.97646pt on input lin
e 94.
<./figuras/log_sigma_15.png, id=193, 570.2103pt x 714.7503pt>
File: ./figuras/log_sigma_15.png Graphic file (type png)
<use ./figuras/log_sigma_15.png>
Package pdftex.def Info: ./figuras/log_sigma_15.png  used on input line 101. on
 input line 101.
Package pdftex.def Info: Requested size: 136.57462pt x 171.19458pt on input lin
e 101.
[31 <./figuras/variaveisATLAS.pdf>]
<./figuras/datanormal_0.png, id=227, 570.933pt x 714.7503pt>
File: ./figuras/datanormal_0.png Graphic file (type png)
<use ./figuras/datanormal_0.png>
Package pdftex.def Info: ./figuras/datanormal_0.png  used on input line 116. on
 input line 116.
Package pdftex.def Info: Requested size: 122.91785pt x 153.87553pt on input lin
e 116.
<./figuras/datanormal_25.png, id=228, 570.933pt x 714.7503pt>
File: ./figuras/datanormal_25.png Graphic file (type png)
<use ./figuras/datanormal_25.png>
Package pdftex.def Info: ./figuras/datanormal_25.png  used on input line 123. o
n input line 123.
Package pdftex.def Info: Requested size: 122.91785pt x 153.87553pt on input lin
e 123.
<./figuras/datalognormal_0.png, id=229, 570.933pt x 714.7503pt>
File: ./figuras/datalognormal_0.png Graphic file (type png)
<use ./figuras/datalognormal_0.png>
Package pdftex.def Info: ./figuras/datalognormal_0.png  used on input line 130.
 on input line 130.
Package pdftex.def Info: Requested size: 122.91785pt x 153.87553pt on input lin
e 130.
 [32 <./figuras/log_sigma_001.png> <./figuras/log_sigma_025.png> <./figuras/log
_sigma_05.png> <./figuras/log_sigma_1.png> <./figuras/log_sigma_125.png> <./fig
uras/log_sigma_15.png> <./figuras/datanormal_0.png> <./figuras/datanormal_25.pn
g> <./figuras/datalognormal_0.png>]
Package acronym Info: Label `acro:IAE' newly defined as it shall be overridden
although it is yet undefined on input line 170.
 [33]
<./figuras/Linspace_normal_15.png, id=245, 859.2903pt x 570.933pt>
File: ./figuras/Linspace_normal_15.png Graphic file (type png)
<use ./figuras/Linspace_normal_15.png>
Package pdftex.def Info: ./figuras/Linspace_normal_15.png  used on input line 1
90. on input line 190.
Package pdftex.def Info: Requested size: 204.85846pt x 136.11198pt on input lin
e 190.
<./figuras/Linspace_normal_25.png, id=246, 859.2903pt x 570.933pt>
File: ./figuras/Linspace_normal_25.png Graphic file (type png)
<use ./figuras/Linspace_normal_25.png>
Package pdftex.def Info: ./figuras/Linspace_normal_25.png  used on input line 1
97. on input line 197.
Package pdftex.def Info: Requested size: 204.85846pt x 136.11198pt on input lin
e 197.
<./figuras/Linspace_lognormal_15.png, id=247, 859.2903pt x 570.933pt>
File: ./figuras/Linspace_lognormal_15.png Graphic file (type png)
<use ./figuras/Linspace_lognormal_15.png>
Package pdftex.def Info: ./figuras/Linspace_lognormal_15.png  used on input lin
e 204. on input line 204.
Package pdftex.def Info: Requested size: 204.85846pt x 136.11198pt on input lin
e 204.
<./figuras/Linspace_lognormal_25.png, id=248, 859.2903pt x 570.933pt>
File: ./figuras/Linspace_lognormal_25.png Graphic file (type png)
<use ./figuras/Linspace_lognormal_25.png>
Package pdftex.def Info: ./figuras/Linspace_lognormal_25.png  used on input lin
e 211. on input line 211.
Package pdftex.def Info: Requested size: 204.85846pt x 136.11198pt on input lin
e 211.
<./figuras/Linspace_normal_15_1000_0.png, id=249, 859.2903pt x 570.933pt>
File: ./figuras/Linspace_normal_15_1000_0.png Graphic file (type png)
<use ./figuras/Linspace_normal_15_1000_0.png>
Package pdftex.def Info: ./figuras/Linspace_normal_15_1000_0.png  used on input
 line 224. on input line 224.
Package pdftex.def Info: Requested size: 204.85846pt x 136.11198pt on input lin
e 224.
<./figuras/Linspace_normal_25_1000_0.png, id=250, 859.2903pt x 570.933pt>
File: ./figuras/Linspace_normal_25_1000_0.png Graphic file (type png)
<use ./figuras/Linspace_normal_25_1000_0.png>
Package pdftex.def Info: ./figuras/Linspace_normal_25_1000_0.png  used on input
 line 231. on input line 231.
Package pdftex.def Info: Requested size: 204.85846pt x 136.11198pt on input lin
e 231.
<./figuras/Linspace_normal_15_1000_25.png, id=251, 859.2903pt x 570.933pt>
File: ./figuras/Linspace_normal_15_1000_25.png Graphic file (type png)
<use ./figuras/Linspace_normal_15_1000_25.png>
Package pdftex.def Info: ./figuras/Linspace_normal_15_1000_25.png  used on inpu
t line 238. on input line 238.
Package pdftex.def Info: Requested size: 204.85846pt x 136.11198pt on input lin
e 238.
<./figuras/Linspace_normal_25_1000_25.png, id=252, 859.2903pt x 570.933pt>
File: ./figuras/Linspace_normal_25_1000_25.png Graphic file (type png)
<use ./figuras/Linspace_normal_25_1000_25.png>
Package pdftex.def Info: ./figuras/Linspace_normal_25_1000_25.png  used on inpu
t line 245. on input line 245.
Package pdftex.def Info: Requested size: 204.85846pt x 136.11198pt on input lin
e 245.
<./figuras/Linspace_lognormal_15_1000.png, id=253, 859.2903pt x 570.933pt>
File: ./figuras/Linspace_lognormal_15_1000.png Graphic file (type png)
<use ./figuras/Linspace_lognormal_15_1000.png>
Package pdftex.def Info: ./figuras/Linspace_lognormal_15_1000.png  used on inpu
t line 252. on input line 252.
Package pdftex.def Info: Requested size: 204.85846pt x 136.11198pt on input lin
e 252.
<./figuras/Linspace_lognormal_25_1000.png, id=254, 859.2903pt x 570.933pt>
File: ./figuras/Linspace_lognormal_25_1000.png Graphic file (type png)
<use ./figuras/Linspace_lognormal_25_1000.png>
Package pdftex.def Info: ./figuras/Linspace_lognormal_25_1000.png  used on inpu
t line 259. on input line 259.
Package pdftex.def Info: Requested size: 204.85846pt x 136.11198pt on input lin
e 259.

[34 <./figuras/Linspace_normal_15.png> <./figuras/Linspace_normal_25.png> <./fi
guras/Linspace_lognormal_15.png> <./figuras/Linspace_lognormal_25.png>]
[35 <./figuras/Linspace_normal_15_1000_0.png> <./figuras/Linspace_normal_25_100
0_0.png> <./figuras/Linspace_normal_15_1000_25.png> <./figuras/Linspace_normal_
25_1000_25.png> <./figuras/Linspace_lognormal_15_1000.png> <./figuras/Linspace_
lognormal_25_1000.png>]
<./figuras/CDFm_normal_15.png, id=271, 768.9528pt x 518.8986pt>
File: ./figuras/CDFm_normal_15.png Graphic file (type png)
<use ./figuras/CDFm_normal_15.png>
Package pdftex.def Info: ./figuras/CDFm_normal_15.png  used on input line 277. 
on input line 277.
Package pdftex.def Info: Requested size: 204.85846pt x 138.2359pt on input line
 277.
<./figuras/CDFm_normal_25.png, id=272, 768.9528pt x 518.8986pt>
File: ./figuras/CDFm_normal_25.png Graphic file (type png)
<use ./figuras/CDFm_normal_25.png>
Package pdftex.def Info: ./figuras/CDFm_normal_25.png  used on input line 284. 
on input line 284.
Package pdftex.def Info: Requested size: 204.85846pt x 138.2359pt on input line
 284.
<./figuras/CDFm_lognormal_15.png, id=273, 757.3896pt x 518.8986pt>
File: ./figuras/CDFm_lognormal_15.png Graphic file (type png)
<use ./figuras/CDFm_lognormal_15.png>
Package pdftex.def Info: ./figuras/CDFm_lognormal_15.png  used on input line 29
2. on input line 292.
Package pdftex.def Info: Requested size: 204.85846pt x 140.34993pt on input lin
e 292.
<./figuras/CDFm_lognormal_25.png, id=274, 757.3896pt x 518.8986pt>
File: ./figuras/CDFm_lognormal_25.png Graphic file (type png)
<use ./figuras/CDFm_lognormal_25.png>
Package pdftex.def Info: ./figuras/CDFm_lognormal_25.png  used on input line 29
9. on input line 299.
Package pdftex.def Info: Requested size: 204.85846pt x 140.34993pt on input lin
e 299.
<./figuras/CDFm_normal_15_1000_0.png, id=275, 757.3896pt x 518.8986pt>
File: ./figuras/CDFm_normal_15_1000_0.png Graphic file (type png)
<use ./figuras/CDFm_normal_15_1000_0.png>
Package pdftex.def Info: ./figuras/CDFm_normal_15_1000_0.png  used on input lin
e 311. on input line 311.
Package pdftex.def Info: Requested size: 204.85846pt x 140.34993pt on input lin
e 311.
<./figuras/CDFm_normal_25_1000_0.png, id=276, 757.3896pt x 518.8986pt>
File: ./figuras/CDFm_normal_25_1000_0.png Graphic file (type png)
<use ./figuras/CDFm_normal_25_1000_0.png>
Package pdftex.def Info: ./figuras/CDFm_normal_25_1000_0.png  used on input lin
e 318. on input line 318.
Package pdftex.def Info: Requested size: 204.85846pt x 140.34993pt on input lin
e 318.
<./figuras/CDFm_normal_15_1000_25.png, id=277, 757.3896pt x 518.8986pt>
File: ./figuras/CDFm_normal_15_1000_25.png Graphic file (type png)
<use ./figuras/CDFm_normal_15_1000_25.png>
Package pdftex.def Info: ./figuras/CDFm_normal_15_1000_25.png  used on input li
ne 325. on input line 325.
Package pdftex.def Info: Requested size: 204.85846pt x 140.34993pt on input lin
e 325.
<./figuras/CDFm_normal_25_1000_25.png, id=278, 757.3896pt x 518.8986pt>
File: ./figuras/CDFm_normal_25_1000_25.png Graphic file (type png)
<use ./figuras/CDFm_normal_25_1000_25.png>
Package pdftex.def Info: ./figuras/CDFm_normal_25_1000_25.png  used on input li
ne 332. on input line 332.
Package pdftex.def Info: Requested size: 204.85846pt x 140.34993pt on input lin
e 332.
<./figuras/CDFm_lognormal_15_1000_0.png, id=279, 757.3896pt x 518.8986pt>
File: ./figuras/CDFm_lognormal_15_1000_0.png Graphic file (type png)
<use ./figuras/CDFm_lognormal_15_1000_0.png>
Package pdftex.def Info: ./figuras/CDFm_lognormal_15_1000_0.png  used on input 
line 339. on input line 339.
Package pdftex.def Info: Requested size: 204.85846pt x 140.34993pt on input lin
e 339.
<./figuras/CDFm_lognormal_25_1000_0.png, id=280, 757.3896pt x 518.8986pt>
File: ./figuras/CDFm_lognormal_25_1000_0.png Graphic file (type png)
<use ./figuras/CDFm_lognormal_25_1000_0.png>
Package pdftex.def Info: ./figuras/CDFm_lognormal_25_1000_0.png  used on input 
line 346. on input line 346.
Package pdftex.def Info: Requested size: 204.85846pt x 140.34993pt on input lin
e 346.
 [36 <./figuras/CDFm_normal_15.png> <./figuras/CDFm_normal_25.png> <./figuras/C
DFm_lognormal_15.png> <./figuras/CDFm_lognormal_25.png>] [37 <./figuras/CDFm_no
rmal_15_1000_0.png> <./figuras/CDFm_normal_25_1000_0.png> <./figuras/CDFm_norma
l_15_1000_25.png> <./figuras/CDFm_normal_25_1000_25.png> <./figuras/CDFm_lognor
mal_15_1000_0.png> <./figuras/CDFm_lognormal_25_1000_0.png>]
<./figuras/PDFm_normal_15.png, id=298, 859.2903pt x 570.933pt>
File: ./figuras/PDFm_normal_15.png Graphic file (type png)
<use ./figuras/PDFm_normal_15.png>
Package pdftex.def Info: ./figuras/PDFm_normal_15.png  used on input line 366. 
on input line 366.
Package pdftex.def Info: Requested size: 204.85846pt x 136.11198pt on input lin
e 366.
<./figuras/PDFm_normal_25.png, id=299, 859.2903pt x 570.933pt>
File: ./figuras/PDFm_normal_25.png Graphic file (type png)
<use ./figuras/PDFm_normal_25.png>
Package pdftex.def Info: ./figuras/PDFm_normal_25.png  used on input line 373. 
on input line 373.
Package pdftex.def Info: Requested size: 204.85846pt x 136.11198pt on input lin
e 373.
<./figuras/PDFm_lognormal_15_1.png, id=300, 859.2903pt x 570.933pt>
File: ./figuras/PDFm_lognormal_15_1.png Graphic file (type png)
<use ./figuras/PDFm_lognormal_15_1.png>
Package pdftex.def Info: ./figuras/PDFm_lognormal_15_1.png  used on input line 
380. on input line 380.
Package pdftex.def Info: Requested size: 204.85846pt x 136.11198pt on input lin
e 380.
<./figuras/PDFm_lognormal_25_1.png, id=301, 859.2903pt x 570.933pt>
File: ./figuras/PDFm_lognormal_25_1.png Graphic file (type png)
<use ./figuras/PDFm_lognormal_25_1.png>
Package pdftex.def Info: ./figuras/PDFm_lognormal_25_1.png  used on input line 
387. on input line 387.
Package pdftex.def Info: Requested size: 204.85846pt x 136.11198pt on input lin
e 387.
<./figuras/PDFm_normal_15_1000_0.png, id=302, 859.2903pt x 570.933pt>
File: ./figuras/PDFm_normal_15_1000_0.png Graphic file (type png)
<use ./figuras/PDFm_normal_15_1000_0.png>
Package pdftex.def Info: ./figuras/PDFm_normal_15_1000_0.png  used on input lin
e 402. on input line 402.
Package pdftex.def Info: Requested size: 204.85846pt x 136.11198pt on input lin
e 402.
<./figuras/PDFm_normal_25_1000_0.png, id=303, 859.2903pt x 570.933pt>
File: ./figuras/PDFm_normal_25_1000_0.png Graphic file (type png)
<use ./figuras/PDFm_normal_25_1000_0.png>
Package pdftex.def Info: ./figuras/PDFm_normal_25_1000_0.png  used on input lin
e 409. on input line 409.
Package pdftex.def Info: Requested size: 204.85846pt x 136.11198pt on input lin
e 409.
<./figuras/PDFm_normal_15_1000_25.png, id=304, 859.2903pt x 570.933pt>
File: ./figuras/PDFm_normal_15_1000_25.png Graphic file (type png)
<use ./figuras/PDFm_normal_15_1000_25.png>
Package pdftex.def Info: ./figuras/PDFm_normal_15_1000_25.png  used on input li
ne 416. on input line 416.
Package pdftex.def Info: Requested size: 204.85846pt x 136.11198pt on input lin
e 416.
<./figuras/PDFm_normal_25_1000_25.png, id=305, 859.2903pt x 570.933pt>
File: ./figuras/PDFm_normal_25_1000_25.png Graphic file (type png)
<use ./figuras/PDFm_normal_25_1000_25.png>
Package pdftex.def Info: ./figuras/PDFm_normal_25_1000_25.png  used on input li
ne 423. on input line 423.
Package pdftex.def Info: Requested size: 204.85846pt x 136.11198pt on input lin
e 423.
<./figuras/PDFm_lognormal_15_1000_0.png, id=306, 859.2903pt x 570.933pt>
File: ./figuras/PDFm_lognormal_15_1000_0.png Graphic file (type png)
<use ./figuras/PDFm_lognormal_15_1000_0.png>
Package pdftex.def Info: ./figuras/PDFm_lognormal_15_1000_0.png  used on input 
line 430. on input line 430.
Package pdftex.def Info: Requested size: 204.85846pt x 136.11198pt on input lin
e 430.
<./figuras/PDFm_lognormal_25_1000_0.png, id=307, 859.2903pt x 570.933pt>
File: ./figuras/PDFm_lognormal_25_1000_0.png Graphic file (type png)
<use ./figuras/PDFm_lognormal_25_1000_0.png>
Package pdftex.def Info: ./figuras/PDFm_lognormal_25_1000_0.png  used on input 
line 437. on input line 437.
Package pdftex.def Info: Requested size: 204.85846pt x 136.11198pt on input lin
e 437.
 [38 <./figuras/PDFm_normal_15.png> <./figuras/PDFm_normal_25.png> <./figuras/P
DFm_lognormal_15_1.png> <./figuras/PDFm_lognormal_25_1.png>]
<./figuras/iPDF1_normal_15_1_0_0.png, id=315, 859.2903pt x 570.933pt>
File: ./figuras/iPDF1_normal_15_1_0_0.png Graphic file (type png)
<use ./figuras/iPDF1_normal_15_1_0_0.png>
Package pdftex.def Info: ./figuras/iPDF1_normal_15_1_0_0.png  used on input lin
e 454. on input line 454.
Package pdftex.def Info: Requested size: 204.85846pt x 136.11198pt on input lin
e 454.
<./figuras/iPDF1_normal_25_1_0_0.png, id=316, 859.2903pt x 570.933pt>
File: ./figuras/iPDF1_normal_25_1_0_0.png Graphic file (type png)
<use ./figuras/iPDF1_normal_25_1_0_0.png>
Package pdftex.def Info: ./figuras/iPDF1_normal_25_1_0_0.png  used on input lin
e 461. on input line 461.
Package pdftex.def Info: Requested size: 204.85846pt x 136.11198pt on input lin
e 461.
<./figuras/iPDF1_lognormal_15_1_0_0.png, id=317, 859.2903pt x 570.933pt>
File: ./figuras/iPDF1_lognormal_15_1_0_0.png Graphic file (type png)
<use ./figuras/iPDF1_lognormal_15_1_0_0.png>
Package pdftex.def Info: ./figuras/iPDF1_lognormal_15_1_0_0.png  used on input 
line 468. on input line 468.
Package pdftex.def Info: Requested size: 204.85846pt x 136.11198pt on input lin
e 468.
<./figuras/iPDF1_lognormal_25_1_0_0.png, id=318, 859.2903pt x 570.933pt>
File: ./figuras/iPDF1_lognormal_25_1_0_0.png Graphic file (type png)
<use ./figuras/iPDF1_lognormal_25_1_0_0.png>
Package pdftex.def Info: ./figuras/iPDF1_lognormal_25_1_0_0.png  used on input 
line 475. on input line 475.
Package pdftex.def Info: Requested size: 204.85846pt x 136.11198pt on input lin
e 475.
 [39 <./figuras/PDFm_normal_15_1000_0.png> <./figuras/PDFm_normal_25_1000_0.png
> <./figuras/PDFm_normal_15_1000_25.png> <./figuras/PDFm_normal_25_1000_25.png>
 <./figuras/PDFm_lognormal_15_1000_0.png> <./figuras/PDFm_lognormal_25_1000_0.p
ng>]
<./figuras/iPDF1_normal_15_1_1000_0.png, id=328, 859.2903pt x 570.933pt>
File: ./figuras/iPDF1_normal_15_1_1000_0.png Graphic file (type png)
<use ./figuras/iPDF1_normal_15_1_1000_0.png>
Package pdftex.def Info: ./figuras/iPDF1_normal_15_1_1000_0.png  used on input 
line 489. on input line 489.
Package pdftex.def Info: Requested size: 204.85846pt x 136.11198pt on input lin
e 489.
<./figuras/iPDF1_normal_25_1_1000_0.png, id=329, 859.2903pt x 570.933pt>
File: ./figuras/iPDF1_normal_25_1_1000_0.png Graphic file (type png)
<use ./figuras/iPDF1_normal_25_1_1000_0.png>
Package pdftex.def Info: ./figuras/iPDF1_normal_25_1_1000_0.png  used on input 
line 496. on input line 496.
Package pdftex.def Info: Requested size: 204.85846pt x 136.11198pt on input lin
e 496.
<./figuras/iPDF1_normal_15_1_1000_25.png, id=330, 859.2903pt x 570.933pt>
File: ./figuras/iPDF1_normal_15_1_1000_25.png Graphic file (type png)
<use ./figuras/iPDF1_normal_15_1_1000_25.png>
Package pdftex.def Info: ./figuras/iPDF1_normal_15_1_1000_25.png  used on input
 line 503. on input line 503.
Package pdftex.def Info: Requested size: 204.85846pt x 136.11198pt on input lin
e 503.
<./figuras/iPDF1_normal_25_1_1000_25.png, id=331, 859.2903pt x 570.933pt>
File: ./figuras/iPDF1_normal_25_1_1000_25.png Graphic file (type png)
<use ./figuras/iPDF1_normal_25_1_1000_25.png>
Package pdftex.def Info: ./figuras/iPDF1_normal_25_1_1000_25.png  used on input
 line 510. on input line 510.
Package pdftex.def Info: Requested size: 204.85846pt x 136.11198pt on input lin
e 510.
<./figuras/iPDF1_lognormal_15_1_1000_0.png, id=332, 859.2903pt x 570.933pt>
File: ./figuras/iPDF1_lognormal_15_1_1000_0.png Graphic file (type png)
<use ./figuras/iPDF1_lognormal_15_1_1000_0.png>
Package pdftex.def Info: ./figuras/iPDF1_lognormal_15_1_1000_0.png  used on inp
ut line 517. on input line 517.
Package pdftex.def Info: Requested size: 204.85846pt x 136.11198pt on input lin
e 517.
<./figuras/iPDF1_lognormal_25_1_1000_0.png, id=333, 859.2903pt x 570.933pt>
File: ./figuras/iPDF1_lognormal_25_1_1000_0.png Graphic file (type png)
<use ./figuras/iPDF1_lognormal_25_1_1000_0.png>
Package pdftex.def Info: ./figuras/iPDF1_lognormal_25_1_1000_0.png  used on inp
ut line 524. on input line 524.
Package pdftex.def Info: Requested size: 204.85846pt x 136.11198pt on input lin
e 524.
 [40 <./figuras/iPDF1_normal_15_1_0_0.png> <./figuras/iPDF1_normal_25_1_0_0.png
> <./figuras/iPDF1_lognormal_15_1_0_0.png> <./figuras/iPDF1_lognormal_25_1_0_0.
png>]
<./figuras/iPDF2_normal_15_1_0_0.png, id=341, 859.2903pt x 570.933pt>
File: ./figuras/iPDF2_normal_15_1_0_0.png Graphic file (type png)
<use ./figuras/iPDF2_normal_15_1_0_0.png>
Package pdftex.def Info: ./figuras/iPDF2_normal_15_1_0_0.png  used on input lin
e 541. on input line 541.
Package pdftex.def Info: Requested size: 204.85846pt x 136.11198pt on input lin
e 541.
<./figuras/iPDF2_normal_25_1_0_0.png, id=342, 859.2903pt x 570.933pt>
File: ./figuras/iPDF2_normal_25_1_0_0.png Graphic file (type png)
<use ./figuras/iPDF2_normal_25_1_0_0.png>
Package pdftex.def Info: ./figuras/iPDF2_normal_25_1_0_0.png  used on input lin
e 548. on input line 548.
Package pdftex.def Info: Requested size: 204.85846pt x 136.11198pt on input lin
e 548.
<./figuras/iPDF2_lognormal_25_1_0_0.png, id=343, 859.2903pt x 570.933pt>
File: ./figuras/iPDF2_lognormal_25_1_0_0.png Graphic file (type png)
<use ./figuras/iPDF2_lognormal_25_1_0_0.png>
Package pdftex.def Info: ./figuras/iPDF2_lognormal_25_1_0_0.png  used on input 
line 555. on input line 555.
Package pdftex.def Info: Requested size: 204.85846pt x 136.11198pt on input lin
e 555.
File: ./figuras/iPDF2_lognormal_25_1_0_0.png Graphic file (type png)
<use ./figuras/iPDF2_lognormal_25_1_0_0.png>
Package pdftex.def Info: ./figuras/iPDF2_lognormal_25_1_0_0.png  used on input 
line 562. on input line 562.
Package pdftex.def Info: Requested size: 204.85846pt x 136.11198pt on input lin
e 562.

[41 <./figuras/iPDF1_normal_15_1_1000_0.png> <./figuras/iPDF1_normal_25_1_1000_
0.png> <./figuras/iPDF1_normal_15_1_1000_25.png> <./figuras/iPDF1_normal_25_1_1
000_25.png> <./figuras/iPDF1_lognormal_15_1_1000_0.png> <./figuras/iPDF1_lognor
mal_25_1_1000_0.png>]
<./figuras/iPDF2_normal_15_1_1000_0.png, id=353, 859.2903pt x 570.933pt>
File: ./figuras/iPDF2_normal_15_1_1000_0.png Graphic file (type png)
<use ./figuras/iPDF2_normal_15_1_1000_0.png>
Package pdftex.def Info: ./figuras/iPDF2_normal_15_1_1000_0.png  used on input 
line 576. on input line 576.
Package pdftex.def Info: Requested size: 204.85846pt x 136.11198pt on input lin
e 576.
<./figuras/iPDF2_normal_25_1_1000_0.png, id=354, 859.2903pt x 570.933pt>
File: ./figuras/iPDF2_normal_25_1_1000_0.png Graphic file (type png)
<use ./figuras/iPDF2_normal_25_1_1000_0.png>
Package pdftex.def Info: ./figuras/iPDF2_normal_25_1_1000_0.png  used on input 
line 583. on input line 583.
Package pdftex.def Info: Requested size: 204.85846pt x 136.11198pt on input lin
e 583.
<./figuras/iPDF2_normal_15_1_1000_25.png, id=355, 859.2903pt x 570.933pt>
File: ./figuras/iPDF2_normal_15_1_1000_25.png Graphic file (type png)
<use ./figuras/iPDF2_normal_15_1_1000_25.png>
Package pdftex.def Info: ./figuras/iPDF2_normal_15_1_1000_25.png  used on input
 line 590. on input line 590.
Package pdftex.def Info: Requested size: 204.85846pt x 136.11198pt on input lin
e 590.
<./figuras/iPDF2_normal_25_1_1000_25.png, id=356, 859.2903pt x 570.933pt>
File: ./figuras/iPDF2_normal_25_1_1000_25.png Graphic file (type png)
<use ./figuras/iPDF2_normal_25_1_1000_25.png>
Package pdftex.def Info: ./figuras/iPDF2_normal_25_1_1000_25.png  used on input
 line 597. on input line 597.
Package pdftex.def Info: Requested size: 204.85846pt x 136.11198pt on input lin
e 597.
<./figuras/iPDF2_lognormal_15_1_1000_0.png, id=357, 859.2903pt x 570.933pt>
File: ./figuras/iPDF2_lognormal_15_1_1000_0.png Graphic file (type png)
<use ./figuras/iPDF2_lognormal_15_1_1000_0.png>
Package pdftex.def Info: ./figuras/iPDF2_lognormal_15_1_1000_0.png  used on inp
ut line 604. on input line 604.
Package pdftex.def Info: Requested size: 204.85846pt x 136.11198pt on input lin
e 604.
<./figuras/iPDF2_lognormal_25_1_1000_0.png, id=358, 859.2903pt x 570.933pt>
File: ./figuras/iPDF2_lognormal_25_1_1000_0.png Graphic file (type png)
<use ./figuras/iPDF2_lognormal_25_1_1000_0.png>
Package pdftex.def Info: ./figuras/iPDF2_lognormal_25_1_1000_0.png  used on inp
ut line 611. on input line 611.
Package pdftex.def Info: Requested size: 204.85846pt x 136.11198pt on input lin
e 611.
 [42 <./figuras/iPDF2_normal_15_1_0_0.png> <./figuras/iPDF2_normal_25_1_0_0.png
> <./figuras/iPDF2_lognormal_25_1_0_0.png>] [43 <./figuras/iPDF2_normal_15_1_10
00_0.png> <./figuras/iPDF2_normal_25_1_1000_0.png> <./figuras/iPDF2_normal_15_1
_1000_25.png> <./figuras/iPDF2_normal_25_1_1000_25.png> <./figuras/iPDF2_lognor
mal_15_1_1000_0.png> <./figuras/iPDF2_lognormal_25_1_1000_0.png>]
<./figuras/custocomp.png, id=375, 529.98pt x 384.6872pt>
File: ./figuras/custocomp.png Graphic file (type png)
<use ./figuras/custocomp.png>
Package pdftex.def Info: ./figuras/custocomp.png  used on input line 628. on in
put line 628.
Package pdftex.def Info: Requested size: 364.19667pt x 264.35439pt on input lin
e 628.
 [44 <./figuras/custocomp.png (PNG copy)>]
<./figuras/error1.pdf, id=379, pagebox=cropbox, 867.24pt x 578.16pt>
File: ./figuras/error1.pdf Graphic file (type pdf)
<use ./figuras/error1.pdf>
Package pdftex.def Info: ./figuras/error1.pdf  used on input line 643. on input
 line 643.
Package pdftex.def Info: Requested size: 273.14923pt x 182.0949pt on input line
 643.
) [45 <./figuras/error1.pdf>]
\openout2 = `./textuais/resultados/resultados.aux'.


(textuais/resultados/resultados.tex
Cap\'{\i }tulo 4.

Overfull \hbox (11.37468pt too wide) in paragraph at lines 5--5
[]\T1/aer/bx/sl/12 ESTIMAÇÃO DE ERRO PELA IN-TER-PO-LA-ÇÃO DO VI-ZI-NHO MAIS
 []

<./figuras/error_normal_nearest_Probabilidade.png, id=422, 790.6338pt x 542.025
pt>
File: ./figuras/error_normal_nearest_Probabilidade.png Graphic file (type png)
<use ./figuras/error_normal_nearest_Probabilidade.png>
Package pdftex.def Info: ./figuras/error_normal_nearest_Probabilidade.png  used
 on input line 12. on input line 12.
Package pdftex.def Info: Requested size: 204.85846pt x 140.44347pt on input lin
e 12.
<./figuras/error_normal_nearest_X.png, id=423, 790.6338pt x 542.025pt>
File: ./figuras/error_normal_nearest_X.png Graphic file (type png)
<use ./figuras/error_normal_nearest_X.png>
Package pdftex.def Info: ./figuras/error_normal_nearest_X.png  used on input li
ne 21. on input line 21.
Package pdftex.def Info: Requested size: 204.85846pt x 140.44347pt on input lin
e 21.
<./figuras/error_normal_nearest_Primeira_Derivada.png, id=424, 802.197pt x 542.
025pt>
File: ./figuras/error_normal_nearest_Primeira_Derivada.png Graphic file (type p
ng)
<use ./figuras/error_normal_nearest_Primeira_Derivada.png>
Package pdftex.def Info: ./figuras/error_normal_nearest_Primeira_Derivada.png  
used on input line 30. on input line 30.
Package pdftex.def Info: Requested size: 204.85846pt x 138.41718pt on input lin
e 30.
<./figuras/error_normal_nearest_Segunda_Derivada.png, id=425, 790.6338pt x 542.
025pt>
File: ./figuras/error_normal_nearest_Segunda_Derivada.png Graphic file (type pn
g)
<use ./figuras/error_normal_nearest_Segunda_Derivada.png>
Package pdftex.def Info: ./figuras/error_normal_nearest_Segunda_Derivada.png  u
sed on input line 37. on input line 37.
Package pdftex.def Info: Requested size: 204.85846pt x 140.44347pt on input lin
e 37.
[46



]
<./figuras/error_lognormal_nearest_Probabilidade_1.png, id=429, 790.6338pt x 54
4.9158pt>
File: ./figuras/error_lognormal_nearest_Probabilidade_1.png Graphic file (type 
png)
<use ./figuras/error_lognormal_nearest_Probabilidade_1.png>
Package pdftex.def Info: ./figuras/error_lognormal_nearest_Probabilidade_1.png 
 used on input line 49. on input line 49.
Package pdftex.def Info: Requested size: 204.85846pt x 141.1925pt on input line
 49.
<./figuras/error_lognormal_nearest_X_1.png, id=430, 790.6338pt x 542.025pt>
File: ./figuras/error_lognormal_nearest_X_1.png Graphic file (type png)
<use ./figuras/error_lognormal_nearest_X_1.png>
Package pdftex.def Info: ./figuras/error_lognormal_nearest_X_1.png  used on inp
ut line 58. on input line 58.
Package pdftex.def Info: Requested size: 204.85846pt x 140.44347pt on input lin
e 58.
<./figuras/error_lognormal_nearest_Primeira_Derivada_1.png, id=431, 790.6338pt 
x 544.9158pt>
File: ./figuras/error_lognormal_nearest_Primeira_Derivada_1.png Graphic file (t
ype png)
<use ./figuras/error_lognormal_nearest_Primeira_Derivada_1.png>
Package pdftex.def Info: ./figuras/error_lognormal_nearest_Primeira_Derivada_1.
png  used on input line 67. on input line 67.
Package pdftex.def Info: Requested size: 204.85846pt x 141.1925pt on input line
 67.
<./figuras/error_lognormal_nearest_Segunda_Derivada_1.png, id=432, 790.6338pt x
 544.9158pt>
File: ./figuras/error_lognormal_nearest_Segunda_Derivada_1.png Graphic file (ty
pe png)
<use ./figuras/error_lognormal_nearest_Segunda_Derivada_1.png>
Package pdftex.def Info: ./figuras/error_lognormal_nearest_Segunda_Derivada_1.p
ng  used on input line 74. on input line 74.
Package pdftex.def Info: Requested size: 204.85846pt x 141.1925pt on input line
 74.
 [47 <./figuras/error_normal_nearest_Probabilidade.png> <./figuras/error_normal
_nearest_X.png> <./figuras/error_normal_nearest_Primeira_Derivada.png> <./figur
as/error_normal_nearest_Segunda_Derivada.png>] [48 <./figuras/error_lognormal_n
earest_Probabilidade_1.png> <./figuras/error_lognormal_nearest_X_1.png> <./figu
ras/error_lognormal_nearest_Primeira_Derivada_1.png> <./figuras/error_lognormal
_nearest_Segunda_Derivada_1.png>]
<./figuras/ERRORPLOT_L1_TRUE_NORMAL_NEAREST_00.png, id=447, 859.2903pt x 570.93
3pt>
File: ./figuras/ERRORPLOT_L1_TRUE_NORMAL_NEAREST_00.png Graphic file (type png)

<use ./figuras/ERRORPLOT_L1_TRUE_NORMAL_NEAREST_00.png>
Package pdftex.def Info: ./figuras/ERRORPLOT_L1_TRUE_NORMAL_NEAREST_00.png  use
d on input line 111. on input line 111.
Package pdftex.def Info: Requested size: 204.85846pt x 136.11198pt on input lin
e 111.
<./figuras/ERRORPLOT_L1_TRUE_LOGNORMAL_NEAREST_00.png, id=448, 859.2903pt x 570
.933pt>
File: ./figuras/ERRORPLOT_L1_TRUE_LOGNORMAL_NEAREST_00.png Graphic file (type p
ng)
<use ./figuras/ERRORPLOT_L1_TRUE_LOGNORMAL_NEAREST_00.png>
Package pdftex.def Info: ./figuras/ERRORPLOT_L1_TRUE_LOGNORMAL_NEAREST_00.png  
used on input line 120. on input line 120.
Package pdftex.def Info: Requested size: 204.85846pt x 136.11198pt on input lin
e 120.
<./figuras/ERRORPLOT_L1_FALSE_NORMAL_NEAREST_10000.png, id=449, 859.2903pt x 57
0.933pt>
File: ./figuras/ERRORPLOT_L1_FALSE_NORMAL_NEAREST_10000.png Graphic file (type 
png)
<use ./figuras/ERRORPLOT_L1_FALSE_NORMAL_NEAREST_10000.png>
Package pdftex.def Info: ./figuras/ERRORPLOT_L1_FALSE_NORMAL_NEAREST_10000.png 
 used on input line 134. on input line 134.
Package pdftex.def Info: Requested size: 204.85846pt x 136.11198pt on input lin
e 134.
<./figuras/ERRORPLOT_L1_FALSE_LOGNORMAL_NEAREST_10000.png, id=450, 859.2903pt x
 570.933pt>
File: ./figuras/ERRORPLOT_L1_FALSE_LOGNORMAL_NEAREST_10000.png Graphic file (ty
pe png)
<use ./figuras/ERRORPLOT_L1_FALSE_LOGNORMAL_NEAREST_10000.png>
Package pdftex.def Info: ./figuras/ERRORPLOT_L1_FALSE_LOGNORMAL_NEAREST_10000.p
ng  used on input line 143. on input line 143.
Package pdftex.def Info: Requested size: 204.85846pt x 136.11198pt on input lin
e 143.
 [49 <./figuras/ERRORPLOT_L1_TRUE_NORMAL_NEAREST_00.png> <./figuras/ERRORPLOT_L
1_TRUE_LOGNORMAL_NEAREST_00.png>] [50 <./figuras/ERRORPLOT_L1_FALSE_NORMAL_NEAR
EST_10000.png> <./figuras/ERRORPLOT_L1_FALSE_LOGNORMAL_NEAREST_10000.png>]
<./figuras/error_normal_linear_Probabilidade.png, id=462, 790.6338pt x 542.025p
t>
File: ./figuras/error_normal_linear_Probabilidade.png Graphic file (type png)
<use ./figuras/error_normal_linear_Probabilidade.png>
Package pdftex.def Info: ./figuras/error_normal_linear_Probabilidade.png  used 
on input line 170. on input line 170.
Package pdftex.def Info: Requested size: 204.85846pt x 140.44347pt on input lin
e 170.
<./figuras/error_normal_linear_X.png, id=463, 790.6338pt x 542.025pt>
File: ./figuras/error_normal_linear_X.png Graphic file (type png)
<use ./figuras/error_normal_linear_X.png>
Package pdftex.def Info: ./figuras/error_normal_linear_X.png  used on input lin
e 179. on input line 179.
Package pdftex.def Info: Requested size: 204.85846pt x 140.44347pt on input lin
e 179.
<./figuras/error_normal_linear_Primeira_Derivada.png, id=464, 802.197pt x 542.0
25pt>
File: ./figuras/error_normal_linear_Primeira_Derivada.png Graphic file (type pn
g)
<use ./figuras/error_normal_linear_Primeira_Derivada.png>
Package pdftex.def Info: ./figuras/error_normal_linear_Primeira_Derivada.png  u
sed on input line 188. on input line 188.
Package pdftex.def Info: Requested size: 204.85846pt x 138.41718pt on input lin
e 188.
<./figuras/error_normal_linear_Segunda_Derivada.png, id=465, 790.6338pt x 542.0
25pt>
File: ./figuras/error_normal_linear_Segunda_Derivada.png Graphic file (type png
)
<use ./figuras/error_normal_linear_Segunda_Derivada.png>
Package pdftex.def Info: ./figuras/error_normal_linear_Segunda_Derivada.png  us
ed on input line 195. on input line 195.
Package pdftex.def Info: Requested size: 204.85846pt x 140.44347pt on input lin
e 195.
<./figuras/error_lognormal_linear_Probabilidade_1.png, id=466, 789.9111pt x 542
.025pt>
File: ./figuras/error_lognormal_linear_Probabilidade_1.png Graphic file (type p
ng)
<use ./figuras/error_lognormal_linear_Probabilidade_1.png>
Package pdftex.def Info: ./figuras/error_lognormal_linear_Probabilidade_1.png  
used on input line 206. on input line 206.
Package pdftex.def Info: Requested size: 204.85846pt x 140.56754pt on input lin
e 206.
<./figuras/error_lognormal_linear_X_1.png, id=467, 789.9111pt x 542.025pt>
File: ./figuras/error_lognormal_linear_X_1.png Graphic file (type png)
<use ./figuras/error_lognormal_linear_X_1.png>
Package pdftex.def Info: ./figuras/error_lognormal_linear_X_1.png  used on inpu
t line 215. on input line 215.
Package pdftex.def Info: Requested size: 204.85846pt x 140.56754pt on input lin
e 215.
<./figuras/error_lognormal_linear_Primeira_Derivada_1.png, id=468, 789.9111pt x
 542.025pt>
File: ./figuras/error_lognormal_linear_Primeira_Derivada_1.png Graphic file (ty
pe png)
<use ./figuras/error_lognormal_linear_Primeira_Derivada_1.png>
Package pdftex.def Info: ./figuras/error_lognormal_linear_Primeira_Derivada_1.p
ng  used on input line 224. on input line 224.
Package pdftex.def Info: Requested size: 204.85846pt x 140.56754pt on input lin
e 224.
<./figuras/error_lognormal_linear_Segunda_Derivada_1.png, id=469, 789.9111pt x 
542.025pt>
File: ./figuras/error_lognormal_linear_Segunda_Derivada_1.png Graphic file (typ
e png)
<use ./figuras/error_lognormal_linear_Segunda_Derivada_1.png>
Package pdftex.def Info: ./figuras/error_lognormal_linear_Segunda_Derivada_1.pn
g  used on input line 231. on input line 231.
Package pdftex.def Info: Requested size: 204.85846pt x 140.56754pt on input lin
e 231.
 [51 <./figuras/error_normal_linear_Probabilidade.png> <./figuras/error_normal_
linear_X.png> <./figuras/error_normal_linear_Primeira_Derivada.png> <./figuras/
error_normal_linear_Segunda_Derivada.png>]
[52 <./figuras/error_lognormal_linear_Probabilidade_1.png> <./figuras/error_log
normal_linear_X_1.png> <./figuras/error_lognormal_linear_Primeira_Derivada_1.pn
g> <./figuras/error_lognormal_linear_Segunda_Derivada_1.png>]
<./figuras/ERRORPLOT_L1_TRUE_NORMAL_LINEAR_00.png, id=484, 859.2903pt x 570.933
pt>
File: ./figuras/ERRORPLOT_L1_TRUE_NORMAL_LINEAR_00.png Graphic file (type png)
<use ./figuras/ERRORPLOT_L1_TRUE_NORMAL_LINEAR_00.png>
Package pdftex.def Info: ./figuras/ERRORPLOT_L1_TRUE_NORMAL_LINEAR_00.png  used
 on input line 250. on input line 250.
Package pdftex.def Info: Requested size: 204.85846pt x 136.11198pt on input lin
e 250.
<./figuras/ERRORPLOT_L1_TRUE_LOGNORMAL_LINEAR_00.png, id=485, 859.2903pt x 570.
933pt>
File: ./figuras/ERRORPLOT_L1_TRUE_LOGNORMAL_LINEAR_00.png Graphic file (type pn
g)
<use ./figuras/ERRORPLOT_L1_TRUE_LOGNORMAL_LINEAR_00.png>
Package pdftex.def Info: ./figuras/ERRORPLOT_L1_TRUE_LOGNORMAL_LINEAR_00.png  u
sed on input line 259. on input line 259.
Package pdftex.def Info: Requested size: 204.85846pt x 136.11198pt on input lin
e 259.
<./figuras/ERRORPLOT_L1_FALSE_NORMAL_LINEAR_10000.png, id=486, 859.2903pt x 570
.933pt>
File: ./figuras/ERRORPLOT_L1_FALSE_NORMAL_LINEAR_10000.png Graphic file (type p
ng)
<use ./figuras/ERRORPLOT_L1_FALSE_NORMAL_LINEAR_10000.png>
Package pdftex.def Info: ./figuras/ERRORPLOT_L1_FALSE_NORMAL_LINEAR_10000.png  
used on input line 272. on input line 272.
Package pdftex.def Info: Requested size: 204.85846pt x 136.11198pt on input lin
e 272.
<./figuras/ERRORPLOT_L1_FALSE_LOGNORMAL_LINEAR_10000.png, id=487, 859.2903pt x 
570.933pt>
File: ./figuras/ERRORPLOT_L1_FALSE_LOGNORMAL_LINEAR_10000.png Graphic file (typ
e png)
<use ./figuras/ERRORPLOT_L1_FALSE_LOGNORMAL_LINEAR_10000.png>
Package pdftex.def Info: ./figuras/ERRORPLOT_L1_FALSE_LOGNORMAL_LINEAR_10000.pn
g  used on input line 281. on input line 281.
Package pdftex.def Info: Requested size: 204.85846pt x 136.11198pt on input lin
e 281.
<./figuras/erro3d_linspace.png, id=488, 859.2903pt x 565.1514pt>
File: ./figuras/erro3d_linspace.png Graphic file (type png)
<use ./figuras/erro3d_linspace.png>
Package pdftex.def Info: ./figuras/erro3d_linspace.png  used on input line 300.
 on input line 300.
Package pdftex.def Info: Requested size: 204.85846pt x 134.73363pt on input lin
e 300.
<./figuras/figure13b.pdf, id=489, pagebox=cropbox, 659.10242pt x 443.01509pt>
File: ./figuras/figure13b.pdf Graphic file (type pdf)
<use ./figuras/figure13b.pdf>
Package pdftex.def Info: ./figuras/figure13b.pdf  used on input line 307. on in
put line 307.
Package pdftex.def Info: Requested size: 204.85846pt x 137.69153pt on input lin
e 307.
 [53 <./figuras/ERRORPLOT_L1_TRUE_NORMAL_LINEAR_00.png> <./figuras/ERRORPLOT_L1
_TRUE_LOGNORMAL_LINEAR_00.png> <./figuras/ERRORPLOT_L1_FALSE_NORMAL_LINEAR_1000
0.png> <./figuras/ERRORPLOT_L1_FALSE_LOGNORMAL_LINEAR_10000.png>] [54 <./figura
s/erro3d_linspace.png> <./figuras/figure13b.pdf>]
<./figuras/ERRORPLOT_L1_TRUE_NORMAL_NEAREST_050_log.png, id=512, 867.24pt x 572
.3784pt>
File: ./figuras/ERRORPLOT_L1_TRUE_NORMAL_NEAREST_050_log.png Graphic file (type
 png)
<use ./figuras/ERRORPLOT_L1_TRUE_NORMAL_NEAREST_050_log.png>
Package pdftex.def Info: ./figuras/ERRORPLOT_L1_TRUE_NORMAL_NEAREST_050_log.png
  used on input line 357. on input line 357.
Package pdftex.def Info: Requested size: 204.85846pt x 135.1989pt on input line
 357.
<./figuras/ERRORPLOT_L1_TRUE_NORMAL_LINEAR_050_log.png, id=513, 867.24pt x 572.
3784pt>
File: ./figuras/ERRORPLOT_L1_TRUE_NORMAL_LINEAR_050_log.png Graphic file (type 
png)
<use ./figuras/ERRORPLOT_L1_TRUE_NORMAL_LINEAR_050_log.png>
Package pdftex.def Info: ./figuras/ERRORPLOT_L1_TRUE_NORMAL_LINEAR_050_log.png 
 used on input line 366. on input line 366.
Package pdftex.def Info: Requested size: 204.85846pt x 135.1989pt on input line
 366.
<./figuras/ERRORPLOT_L1_FALSE_NORMAL_NEAREST_100025.png, id=514, 859.2903pt x 5
70.933pt>
File: ./figuras/ERRORPLOT_L1_FALSE_NORMAL_NEAREST_100025.png Graphic file (type
 png)
<use ./figuras/ERRORPLOT_L1_FALSE_NORMAL_NEAREST_100025.png>
Package pdftex.def Info: ./figuras/ERRORPLOT_L1_FALSE_NORMAL_NEAREST_100025.png
  used on input line 378. on input line 378.
Package pdftex.def Info: Requested size: 204.85846pt x 136.11198pt on input lin
e 378.
<./figuras/ERRORPLOT_L1_FALSE_NORMAL_LINEAR_100025.png, id=515, 859.2903pt x 57
0.933pt>
File: ./figuras/ERRORPLOT_L1_FALSE_NORMAL_LINEAR_100025.png Graphic file (type 
png)
<use ./figuras/ERRORPLOT_L1_FALSE_NORMAL_LINEAR_100025.png>
Package pdftex.def Info: ./figuras/ERRORPLOT_L1_FALSE_NORMAL_LINEAR_100025.png 
 used on input line 387. on input line 387.
Package pdftex.def Info: Requested size: 204.85846pt x 136.11198pt on input lin
e 387.
) [55 <./figuras/ERRORPLOT_L1_TRUE_NORMAL_NEAREST_050_log.png> <./figuras/ERROR
PLOT_L1_TRUE_NORMAL_LINEAR_050_log.png>]
[56 <./figuras/ERRORPLOT_L1_FALSE_NORMAL_NEAREST_100025.png> <./figuras/ERRORPL
OT_L1_FALSE_NORMAL_LINEAR_100025.png>]
\openout2 = `./textuais/conclusao/conclusao.aux'.

 (textuais/conclusao/conclusao.tex
Cap\'{\i }tulo 5.

Overfull \hbox (17.17671pt too wide) in paragraph at lines 3--4
[]\T1/aer/m/n/12 A dis-cre-ti-za-ção con-tí-nua de da-dos re-pre-senta uma im-p
or-tante ta-refa de pré-processamento
 []

) [57



] (dissertacao.bbl [58


]) [59]
\openout2 = `./postextuais/apendice/apendicePubli.aux'.

 (postextuais/apendice/apendicePubli.tex
Apendice A.
) [60


]
\openout2 = `./postextuais/apendice/apendiceDisc.aux'.

 (postextuais/apendice/apendiceDisc.tex
Apendice B.
) [61



]
+-------------------------------------------------------------------+
| Comentario, sugestao ou critica sobre o abnTeX? Entre em contato: |
|                  http://abntex.codigolivre.org.br                 |
+-------------------------------------------------------------------+
(dissertacao.aux (pretextuais/capa.aux) (pretextuais/folha_de_rosto.aux)
(pretextuais/ficha_catalografica.aux) (pretextuais/folha_de_aprovacao.aux)
(pretextuais/dedicatoria.aux) (pretextuais/agradecimentos.aux)
(pretextuais/epigrafe.aux) (pretextuais/resumo.aux) (pretextuais/abstract.aux)
(pretextuais/acronimos.aux) (textuais/introducao/introducao.aux)
(textuais/discretizacao/discretizacao.aux)
(textuais/desenvolvimento/desenvolvimento.aux)
(textuais/resultados/resultados.aux) (textuais/conclusao/conclusao.aux)
(postextuais/apendice/apendicePubli.aux) (postextuais/apendice/apendiceDisc.aux
))

LaTeX Warning: There were multiply-defined labels.

 ) 
Here is how much of TeX's memory you used:
 8099 strings out of 493312
 133237 string characters out of 3138898
 186266 words of memory out of 3000000
 11167 multiletter control sequences out of 15000+200000
 31278 words of font info for 72 fonts, out of 3000000 for 9000
 1141 hyphenation exceptions out of 8191
 42i,10n,46p,1377b,479s stack positions out of 5000i,500n,10000p,200000b,50000s
<C:/Program Files/MiKTeX 2.9/fonts/type1/public/amsfonts/cm/cmbx12.pfb><C:/Pr
ogram Files/MiKTeX 2.9/fonts/type1/public/amsfonts/cm/cmbxsl10.pfb><C:/Program 
Files/MiKTeX 2.9/fonts/type1/public/amsfonts/cm/cmbxti10.pfb><C:/Program Files/
MiKTeX 2.9/fonts/type1/public/amsfonts/cm/cmex10.pfb><C:/Program Files/MiKTeX 2
.9/fonts/type1/public/amsfonts/cmextra/cmex8.pfb><C:/Program Files/MiKTeX 2.9/f
onts/type1/public/amsfonts/cm/cmmi12.pfb><C:/Program Files/MiKTeX 2.9/fonts/typ
e1/public/amsfonts/cm/cmmi6.pfb><C:/Program Files/MiKTeX 2.9/fonts/type1/public
/amsfonts/cm/cmmi8.pfb><C:/Program Files/MiKTeX 2.9/fonts/type1/public/amsfonts
/cm/cmr10.pfb><C:/Program Files/MiKTeX 2.9/fonts/type1/public/amsfonts/cm/cmr12
.pfb><C:/Program Files/MiKTeX 2.9/fonts/type1/public/amsfonts/cm/cmr6.pfb><C:/P
rogram Files/MiKTeX 2.9/fonts/type1/public/amsfonts/cm/cmr8.pfb><C:/Program Fil
es/MiKTeX 2.9/fonts/type1/public/amsfonts/cm/cmsy10.pfb><C:/Program Files/MiKTe
X 2.9/fonts/type1/public/amsfonts/cm/cmsy6.pfb><C:/Program Files/MiKTeX 2.9/fon
ts/type1/public/amsfonts/cm/cmsy8.pfb><C:/Program Files/MiKTeX 2.9/fonts/type1/
public/amsfonts/cm/cmti12.pfb>
Output written on dissertacao.pdf (61 pages, 6795909 bytes).
PDF statistics:
 594 PDF objects out of 1000 (max. 8388607)
 0 named destinations out of 1000 (max. 500000)
 511 words of extra memory for PDF output out of 10000 (max. 10000000)

