\BOOKMARK [0][-]{chapter.1}{INTRODU\307\303O}{}% 1
\BOOKMARK [1][-]{section.1.1}{Motiva\347\343o}{chapter.1}% 2
\BOOKMARK [1][-]{section.1.2}{O que foi feito}{chapter.1}% 3
\BOOKMARK [1][-]{section.1.3}{Estrutura do Trabalho}{chapter.1}% 4
\BOOKMARK [0][-]{chapter.2}{DISCRETIZA\307\303O}{}% 5
\BOOKMARK [1][-]{section.2.1}{M\351todos de Discretiza\347\343o}{chapter.2}% 6
\BOOKMARK [2][-]{subsection.2.1.1}{Linspace}{section.2.1}% 7
\BOOKMARK [2][-]{subsection.2.1.2}{CDFm}{section.2.1}% 8
\BOOKMARK [2][-]{subsection.2.1.3}{PDFm}{section.2.1}% 9
\BOOKMARK [2][-]{subsection.2.1.4}{iPDF1}{section.2.1}% 10
\BOOKMARK [2][-]{subsection.2.1.5}{iPDF2}{section.2.1}% 11
\BOOKMARK [0][-]{chapter.3}{DESENVOLVIMENTO}{}% 12
\BOOKMARK [1][-]{section.3.1}{Conjunto de dados}{chapter.3}% 13
\BOOKMARK [1][-]{section.3.2}{Algoritmo}{chapter.3}% 14
\BOOKMARK [1][-]{section.3.3}{Demostra\347\343o dos m\351todos de discretiza\347\343o}{chapter.3}% 15
\BOOKMARK [2][-]{subsection.3.3.1}{M\351todo Linspace}{section.3.3}% 16
\BOOKMARK [2][-]{subsection.3.3.2}{M\351todo CDFm}{section.3.3}% 17
\BOOKMARK [2][-]{subsection.3.3.3}{M\351todo PDFm}{section.3.3}% 18
\BOOKMARK [2][-]{subsection.3.3.4}{M\351todo iPDF1}{section.3.3}% 19
\BOOKMARK [2][-]{subsection.3.3.5}{M\351todo iPDF2}{section.3.3}% 20
\BOOKMARK [1][-]{section.3.4}{Custo Computacional}{chapter.3}% 21
\BOOKMARK [1][-]{section.3.5}{Ambiente de An\341lise}{chapter.3}% 22
\BOOKMARK [0][-]{chapter.4}{RESULTADOS}{}% 23
\BOOKMARK [1][-]{section.4.1}{Estima\347\343o de erro pela interpola\347\343o do vizinho mais pr\363ximo}{chapter.4}% 24
\BOOKMARK [1][-]{section.4.2}{Estima\347\343o de erro pela interpola\347\343o linear}{chapter.4}% 25
\BOOKMARK [1][-]{section.4.3}{Estima\347\343o de erro considerando outliers}{chapter.4}% 26
\BOOKMARK [1][-]{section.4.4}{Exemplo Pr\341tico}{chapter.4}% 27
\BOOKMARK [0][-]{chapter.5}{Conclus\343o}{}% 28
\BOOKMARK [1][-]{section.5.1}{Pr\363ximos Passos}{chapter.5}% 29
\BOOKMARK [0][-]{section.5.1}{Refer\352ncias}{}% 30
\BOOKMARK [0][-]{appendix.A}{Ap\352ndice A \205 Lista de Publica\347\365es}{}% 31
\BOOKMARK [1][-]{section.A.1}{Publica\347\365es em Anais de Congresso Internacional}{appendix.A}% 32
